<?xml version="1.0" encoding="UTF-8"?>
<robot generator="Robot 7.4.1 (Python 3.14.2 on win32)" generated="2026-02-03T09:54:18.015297" rpa="false" schemaversion="5">
<suite id="s1" name="Source" source="C:\Gitfiles\DAY13\DAY13lab\Question1\source.robot">
<test id="s1-t1" name="Open Google" line="5">
<kw name="Open Browser" owner="SeleniumLibrary">
<msg time="2026-02-03T09:54:18.422343" level="INFO">Opening browser 'chrome' to base url 'https://www.google.com'.</msg>
<arg>https://www.google.com</arg>
<arg>chrome</arg>
<doc>Opens a new browser instance to the optional ``url``.</doc>
<status status="PASS" start="2026-02-03T09:54:18.421997" elapsed="2.193062"/>
</kw>
<kw name="Title Should Be" owner="SeleniumLibrary">
<msg time="2026-02-03T09:54:20.625268" level="INFO">Page title is 'Google'.</msg>
<arg>Google</arg>
<doc>Verifies that the current page title equals ``title``.</doc>
<status status="PASS" start="2026-02-03T09:54:20.615999" elapsed="0.009465"/>
</kw>
<kw name="Capture Page Screenshot" owner="SeleniumLibrary">
<msg time="2026-02-03T09:54:21.132133" level="INFO" html="true">&lt;/td&gt;&lt;/tr&gt;&lt;tr&gt;&lt;td colspan="3"&gt;&lt;a href="google_homepage.png"&gt;&lt;img src="google_homepage.png" width="800px"&gt;&lt;/a&gt;</msg>
<arg>google_homepage.png</arg>
<doc>Takes a screenshot of the current page and embeds it into a log file.</doc>
<status status="PASS" start="2026-02-03T09:54:20.626081" elapsed="0.506280"/>
</kw>
<kw name="Close Browser" owner="SeleniumLibrary">
<doc>Closes the current browser.</doc>
<status status="PASS" start="2026-02-03T09:54:21.132922" elapsed="2.571611"/>
</kw>
<status status="PASS" start="2026-02-03T09:54:18.420280" elapsed="5.284616"/>
</test>
<status status="PASS" start="2026-02-03T09:54:18.019005" elapsed="5.686931"/>
</suite>
<statistics>
<total>
<stat pass="1" fail="0" skip="0">All Tests</stat>
</total>
<tag>
</tag>
<suite>
<stat name="Source" id="s1" pass="1" fail="0" skip="0">Source</stat>
</suite>
</statistics>
<errors>
</errors>
</robot>
