<?xml version="1.0" encoding="UTF-8"?>
<robot generator="Robot 7.4.1 (Python 3.14.2 on win32)" generated="2026-02-12T02:07:32.577300" rpa="false" schemaversion="5">
<suite id="s1" name="Patient Test" source="C:\Gitfiles\CASESTUDY_3\robot\patient_test.robot">
<kw name="Open Browser" owner="SeleniumLibrary" type="SETUP">
<msg time="2026-02-12T02:07:32.888733" level="INFO">Opening browser 'chrome' to base url 'http://127.0.0.1:5000'.</msg>
<arg>http://127.0.0.1:5000</arg>
<arg>chrome</arg>
<doc>Opens a new browser instance to the optional ``url``.</doc>
<status status="PASS" start="2026-02-12T02:07:32.888465" elapsed="9.826752"/>
</kw>
<test id="s1-t1" name="Register Patient" line="8">
<kw name="Input Text" owner="SeleniumLibrary">
<msg time="2026-02-12T02:07:42.716906" level="INFO">Typing text 'Test' into text field 'name=name'.</msg>
<msg time="2026-02-12T02:07:42.830663" level="INFO" html="true">&lt;/td&gt;&lt;/tr&gt;&lt;tr&gt;&lt;td colspan="3"&gt;&lt;a href="selenium-screenshot-1.png"&gt;&lt;img src="selenium-screenshot-1.png" width="800px"&gt;&lt;/a&gt;</msg>
<msg time="2026-02-12T02:07:42.830903" level="FAIL">Element with locator 'name=name' not found.</msg>
<arg>name=name</arg>
<arg>Test</arg>
<doc>Types the given ``text`` into the text field identified by ``locator``.</doc>
<status status="FAIL" start="2026-02-12T02:07:42.716404" elapsed="0.120215">Element with locator 'name=name' not found.</status>
</kw>
<kw name="Input Text" owner="SeleniumLibrary">
<arg>name=age</arg>
<arg>22</arg>
<doc>Types the given ``text`` into the text field identified by ``locator``.</doc>
<status status="NOT RUN" start="2026-02-12T02:07:42.837092" elapsed="0.000055"/>
</kw>
<kw name="Click Button" owner="SeleniumLibrary">
<arg>xpath=//input[@type='submit']</arg>
<doc>Clicks the button identified by ``locator``.</doc>
<status status="NOT RUN" start="2026-02-12T02:07:42.837377" elapsed="0.000028"/>
</kw>
<status status="FAIL" start="2026-02-12T02:07:42.715613" elapsed="0.122041">Element with locator 'name=name' not found.</status>
</test>
<kw name="Close Browser" owner="SeleniumLibrary" type="TEARDOWN">
<doc>Closes the current browser.</doc>
<status status="PASS" start="2026-02-12T02:07:42.838445" elapsed="2.139978"/>
</kw>
<status status="FAIL" start="2026-02-12T02:07:32.578866" elapsed="12.399682"/>
</suite>
<statistics>
<total>
<stat pass="0" fail="1" skip="0">All Tests</stat>
</total>
<tag>
</tag>
<suite>
<stat name="Patient Test" id="s1" pass="0" fail="1" skip="0">Patient Test</stat>
</suite>
</statistics>
<errors>
</errors>
</robot>
