<?xml version="1.0" encoding="UTF-8"?>
<robot generator="Robot 7.4.1 (Python 3.14.2 on win32)" generated="2026-02-23T14:21:50.548638" rpa="false" schemaversion="5">
<suite id="s1" name="TC001 Register" source="C:\Gitfiles\ver 3\tests\TC001_Register.robot">
<kw name="Log" owner="BuiltIn" type="SETUP">
<msg time="2026-02-23T14:21:50.940536" level="INFO">═══ TC001 Registration Suite Started ═══</msg>
<arg>═══ TC001 Registration Suite Started ═══</arg>
<doc>Logs the given message with the given level.</doc>
<status status="PASS" start="2026-02-23T14:21:50.940206" elapsed="0.000400"/>
</kw>
<test id="s1-t1" name="TC001 User 1 Register" line="31">
<kw name="Register Single User">
<kw name="Get Current Date" owner="DateTime">
<msg time="2026-02-23T14:21:50.941973" level="INFO">${start} = 14:21:50</msg>
<var>${start}</var>
<arg>result_format=%H:%M:%S</arg>
<doc>Returns current local or UTC time with an optional increment.</doc>
<status status="PASS" start="2026-02-23T14:21:50.941683" elapsed="0.000328"/>
</kw>
<kw name="Log" owner="BuiltIn">
<msg time="2026-02-23T14:21:50.942354" level="INFO">══════════════════════════════════════════════════════</msg>
<arg>══════════════════════════════════════════════════════</arg>
<doc>Logs the given message with the given level.</doc>
<status status="PASS" start="2026-02-23T14:21:50.942138" elapsed="0.000271"/>
</kw>
<kw name="Log" owner="BuiltIn">
<msg time="2026-02-23T14:21:50.942768" level="INFO">USER : gowtham | gowtham.test001@yopmail.com | START: 14:21:50</msg>
<arg>USER : ${user}[name] | ${user}[email] | START: ${start}</arg>
<doc>Logs the given message with the given level.</doc>
<status status="PASS" start="2026-02-23T14:21:50.942519" elapsed="0.000298"/>
</kw>
<kw name="Log" owner="BuiltIn">
<msg time="2026-02-23T14:21:50.943050" level="INFO">══════════════════════════════════════════════════════</msg>
<arg>══════════════════════════════════════════════════════</arg>
<doc>Logs the given message with the given level.</doc>
<status status="PASS" start="2026-02-23T14:21:50.942902" elapsed="0.000186"/>
</kw>
<kw name="Open Application" owner="BasePage">
<kw name="Evaluate" owner="BuiltIn">
<msg time="2026-02-23T14:21:50.946154" level="INFO">${options} = &lt;selenium.webdriver.chrome.options.Options object at 0x000001C6735AE270&gt;</msg>
<var>${options}</var>
<arg>sys.modules['selenium.webdriver'].ChromeOptions()</arg>
<arg>sys</arg>
<doc>Evaluates the given expression in Python and returns the result.</doc>
<status status="PASS" start="2026-02-23T14:21:50.943533" elapsed="0.002659"/>
</kw>
<kw name="Call Method" owner="BuiltIn">
<arg>${options}</arg>
<arg>add_argument</arg>
<arg>--disable-notifications</arg>
<doc>Calls the named method of the given object with the provided arguments.</doc>
<status status="PASS" start="2026-02-23T14:21:50.946314" elapsed="0.000250"/>
</kw>
<kw name="Call Method" owner="BuiltIn">
<arg>${options}</arg>
<arg>add_argument</arg>
<arg>--disable-popup-blocking</arg>
<doc>Calls the named method of the given object with the provided arguments.</doc>
<status status="PASS" start="2026-02-23T14:21:50.946658" elapsed="0.000202"/>
</kw>
<kw name="Call Method" owner="BuiltIn">
<arg>${options}</arg>
<arg>add_argument</arg>
<arg>--disable-infobars</arg>
<doc>Calls the named method of the given object with the provided arguments.</doc>
<status status="PASS" start="2026-02-23T14:21:50.946947" elapsed="0.000184"/>
</kw>
<kw name="Call Method" owner="BuiltIn">
<arg>${options}</arg>
<arg>add_argument</arg>
<arg>--disable-extensions</arg>
<doc>Calls the named method of the given object with the provided arguments.</doc>
<status status="PASS" start="2026-02-23T14:21:50.947215" elapsed="0.000189"/>
</kw>
<kw name="Call Method" owner="BuiltIn">
<arg>${options}</arg>
<arg>add_argument</arg>
<arg>--no-sandbox</arg>
<doc>Calls the named method of the given object with the provided arguments.</doc>
<status status="PASS" start="2026-02-23T14:21:50.947490" elapsed="0.000194"/>
</kw>
<kw name="Call Method" owner="BuiltIn">
<arg>${options}</arg>
<arg>add_argument</arg>
<arg>--disable-dev-shm-usage</arg>
<doc>Calls the named method of the given object with the provided arguments.</doc>
<status status="PASS" start="2026-02-23T14:21:50.947769" elapsed="0.000182"/>
</kw>
<kw name="Call Method" owner="BuiltIn">
<arg>${options}</arg>
<arg>add_argument</arg>
<arg>--disable-gpu</arg>
<doc>Calls the named method of the given object with the provided arguments.</doc>
<status status="PASS" start="2026-02-23T14:21:50.948035" elapsed="0.000176"/>
</kw>
<kw name="Call Method" owner="BuiltIn">
<arg>${options}</arg>
<arg>add_argument</arg>
<arg>--start-maximized</arg>
<doc>Calls the named method of the given object with the provided arguments.</doc>
<status status="PASS" start="2026-02-23T14:21:50.948293" elapsed="0.000180"/>
</kw>
<kw name="Create Dictionary" owner="BuiltIn">
<msg time="2026-02-23T14:21:50.949262" level="INFO">${prefs} = {'profile.default_content_setting_values.notifications': 2, 'profile.default_content_setting_values.popups': 2}</msg>
<var>${prefs}</var>
<arg>profile.default_content_setting_values.notifications=${2}</arg>
<arg>profile.default_content_setting_values.popups=${2}</arg>
<doc>Creates and returns a dictionary based on the given ``items``.</doc>
<status status="PASS" start="2026-02-23T14:21:50.948575" elapsed="0.000714"/>
</kw>
<kw name="Call Method" owner="BuiltIn">
<arg>${options}</arg>
<arg>add_experimental_option</arg>
<arg>prefs</arg>
<arg>${prefs}</arg>
<doc>Calls the named method of the given object with the provided arguments.</doc>
<status status="PASS" start="2026-02-23T14:21:50.949379" elapsed="0.000222"/>
</kw>
<kw name="Create Webdriver" owner="SeleniumLibrary">
<msg time="2026-02-23T14:21:50.956676" level="INFO">Creating an instance of the Chrome WebDriver.</msg>
<arg>Chrome</arg>
<arg>options=${options}</arg>
<doc>Creates an instance of Selenium WebDriver.</doc>
<status status="PASS" start="2026-02-23T14:21:50.949705" elapsed="3.047422"/>
</kw>
<kw name="Go To" owner="SeleniumLibrary">
<msg time="2026-02-23T14:21:53.997617" level="INFO">Opening url 'https://automationexercise.com'</msg>
<arg>${url}</arg>
<doc>Navigates the current browser window to the provided ``url``.</doc>
<status status="PASS" start="2026-02-23T14:21:53.997385" elapsed="4.669607"/>
</kw>
<kw name="Set Selenium Page Load Timeout" owner="SeleniumLibrary">
<arg>30s</arg>
<doc>Sets the page load timeout value used by Selenium.</doc>
<status status="PASS" start="2026-02-23T14:21:58.667263" elapsed="0.001658"/>
</kw>
<kw name="Set Selenium Implicit Wait" owner="SeleniumLibrary">
<arg>0s</arg>
<doc>Sets the implicit wait value used by Selenium.</doc>
<status status="PASS" start="2026-02-23T14:21:58.669118" elapsed="0.001356"/>
</kw>
<kw name="Log" owner="BuiltIn">
<msg time="2026-02-23T14:21:58.670962" level="INFO">✓ Browser opened → https://automationexercise.com</msg>
<arg>✓ Browser opened → ${url}</arg>
<doc>Logs the given message with the given level.</doc>
<status status="PASS" start="2026-02-23T14:21:58.670652" elapsed="0.000355"/>
</kw>
<arg>${APP_URL}</arg>
<arg>${BROWSER}</arg>
<status status="PASS" start="2026-02-23T14:21:50.943262" elapsed="7.727819"/>
</kw>
<kw name="Dismiss Ads And Overlays" owner="BasePage">
<kw name="Sleep" owner="BuiltIn">
<msg time="2026-02-23T14:22:00.672234" level="INFO">Slept 2 seconds.</msg>
<arg>2s</arg>
<doc>Pauses the test executed for the given time.</doc>
<status status="PASS" start="2026-02-23T14:21:58.671438" elapsed="2.000952"/>
</kw>
<kw name="Kill All Ads" owner="BasePage">
<kw name="Execute Javascript" owner="SeleniumLibrary">
<msg time="2026-02-23T14:22:00.673537" level="INFO">Executing JavaScript:
(function(){var selectors = ['iframe[src*="google"]','iframe[src*="doubleclick"]','iframe[src*="googlesyndication"]','iframe[id*="aswift"]','iframe[name*="aswift"]','ins.adsbygoogle','div[id*="google_ads"]','div[class*="adsbygoogle"]'];selectors.forEach(function(sel){document.querySelectorAll(sel).forEach(function(el){el.style.display = 'none';el.style.pointerEvents = 'none';el.style.height = '0';el.style.width = '0';});});})();
Without any arguments.</msg>
<arg>(function(){</arg>
<arg>var selectors = [</arg>
<arg>'iframe[src*="google"]',</arg>
<arg>'iframe[src*="doubleclick"]',</arg>
<arg>'iframe[src*="googlesyndication"]',</arg>
<arg>'iframe[id*="aswift"]',</arg>
<arg>'iframe[name*="aswift"]',</arg>
<arg>'ins.adsbygoogle',</arg>
<arg>'div[id*="google_ads"]',</arg>
<arg>'div[class*="adsbygoogle"]'</arg>
<arg>];</arg>
<arg>selectors.forEach(function(sel){</arg>
<arg>document.querySelectorAll(sel).forEach(function(el){</arg>
<arg>el.style.display = 'none';</arg>
<arg>el.style.pointerEvents = 'none';</arg>
<arg>el.style.height = '0';</arg>
<arg>el.style.width = '0';</arg>
<arg>});</arg>
<arg>});</arg>
<arg>})();</arg>
<doc>Executes the given JavaScript code with possible arguments.</doc>
<status status="PASS" start="2026-02-23T14:22:00.673059" elapsed="0.009713"/>
</kw>
<kw name="Sleep" owner="BuiltIn">
<msg time="2026-02-23T14:22:01.183670" level="INFO">Slept 500 milliseconds.</msg>
<arg>0.5s</arg>
<doc>Pauses the test executed for the given time.</doc>
<status status="PASS" start="2026-02-23T14:22:00.683087" elapsed="0.500723"/>
</kw>
<status status="PASS" start="2026-02-23T14:22:00.672684" elapsed="0.511252"/>
</kw>
<kw name="Run Keyword And Return Status" owner="BuiltIn">
<kw name="Element Should Be Visible" owner="SeleniumLibrary">
<kw name="Screenshot On Failure" owner="BasePage">
<kw name="Run Keyword And Return Status" owner="BuiltIn">
<kw name="Should Be Equal" owner="BuiltIn">
<msg time="2026-02-23T14:22:01.195311" level="FAIL">Variable '${TEST STATUS}' not found. Did you mean:
    ${PREV_TEST_STATUS}</msg>
<arg>${TEST STATUS}</arg>
<arg>FAIL</arg>
<doc>Fails if the given objects are unequal.</doc>
<status status="FAIL" start="2026-02-23T14:22:01.194674" elapsed="0.000684">Variable '${TEST STATUS}' not found. Did you mean:
    ${PREV_TEST_STATUS}</status>
</kw>
<msg time="2026-02-23T14:22:01.195475" level="INFO">${test_failed} = False</msg>
<var>${test_failed}</var>
<arg>Should Be Equal</arg>
<arg>${TEST STATUS}</arg>
<arg>FAIL</arg>
<doc>Runs the specified keyword and returns the status as a Boolean value.</doc>
<status status="PASS" start="2026-02-23T14:22:01.194364" elapsed="0.001133"/>
</kw>
<kw name="Run Keyword If" owner="BuiltIn">
<arg>${test_failed}</arg>
<arg>Capture Page Screenshot</arg>
<arg>filename=EMBED</arg>
<doc>Runs the given keyword with the given arguments, if ``condition`` is true.</doc>
<status status="PASS" start="2026-02-23T14:22:01.195599" elapsed="0.000214"/>
</kw>
<doc>Used as run_on_failure handler for SeleniumLibrary.
Only captures a screenshot when the TEST has actually failed —
NOT when Run Keyword And Return Status or similar silently fails.
This stops screenshots being taken during passing tests.</doc>
<status status="PASS" start="2026-02-23T14:22:01.193992" elapsed="0.001884"/>
</kw>
<msg time="2026-02-23T14:22:01.195973" level="FAIL">Element with locator 'id=dismiss-button' not found.</msg>
<arg>id=dismiss-button</arg>
<doc>Verifies that the element identified by ``locator`` is visible.</doc>
<status status="FAIL" start="2026-02-23T14:22:01.184520" elapsed="0.015630">Element with locator 'id=dismiss-button' not found.</status>
</kw>
<msg time="2026-02-23T14:22:01.200280" level="INFO">${vignette} = False</msg>
<var>${vignette}</var>
<arg>Element Should Be Visible</arg>
<arg>id=dismiss-button</arg>
<doc>Runs the specified keyword and returns the status as a Boolean value.</doc>
<status status="PASS" start="2026-02-23T14:22:01.184119" elapsed="0.016191"/>
</kw>
<kw name="Run Keyword If" owner="BuiltIn">
<arg>${vignette}</arg>
<arg>Click Element</arg>
<arg>id=dismiss-button</arg>
<doc>Runs the given keyword with the given arguments, if ``condition`` is true.</doc>
<status status="PASS" start="2026-02-23T14:22:01.200430" elapsed="0.000253"/>
</kw>
<kw name="Run Keyword And Return Status" owner="BuiltIn">
<kw name="Element Should Be Visible" owner="SeleniumLibrary">
<kw name="Screenshot On Failure" owner="BasePage">
<kw name="Run Keyword And Return Status" owner="BuiltIn">
<kw name="Should Be Equal" owner="BuiltIn">
<msg time="2026-02-23T14:22:01.210106" level="FAIL">Variable '${TEST STATUS}' not found. Did you mean:
    ${PREV_TEST_STATUS}</msg>
<arg>${TEST STATUS}</arg>
<arg>FAIL</arg>
<doc>Fails if the given objects are unequal.</doc>
<status status="FAIL" start="2026-02-23T14:22:01.209540" elapsed="0.000608">Variable '${TEST STATUS}' not found. Did you mean:
    ${PREV_TEST_STATUS}</status>
</kw>
<msg time="2026-02-23T14:22:01.210274" level="INFO">${test_failed} = False</msg>
<var>${test_failed}</var>
<arg>Should Be Equal</arg>
<arg>${TEST STATUS}</arg>
<arg>FAIL</arg>
<doc>Runs the specified keyword and returns the status as a Boolean value.</doc>
<status status="PASS" start="2026-02-23T14:22:01.209244" elapsed="0.001053"/>
</kw>
<kw name="Run Keyword If" owner="BuiltIn">
<arg>${test_failed}</arg>
<arg>Capture Page Screenshot</arg>
<arg>filename=EMBED</arg>
<doc>Runs the given keyword with the given arguments, if ``condition`` is true.</doc>
<status status="PASS" start="2026-02-23T14:22:01.210397" elapsed="0.000198"/>
</kw>
<doc>Used as run_on_failure handler for SeleniumLibrary.
Only captures a screenshot when the TEST has actually failed —
NOT when Run Keyword And Return Status or similar silently fails.
This stops screenshots being taken during passing tests.</doc>
<status status="PASS" start="2026-02-23T14:22:01.208969" elapsed="0.001687"/>
</kw>
<msg time="2026-02-23T14:22:01.210736" level="FAIL">Element with locator 'xpath://button[contains(text(),'Accept')]' not found.</msg>
<arg>xpath://button[contains(text(),'Accept')]</arg>
<doc>Verifies that the element identified by ``locator`` is visible.</doc>
<status status="FAIL" start="2026-02-23T14:22:01.201012" elapsed="0.010805">Element with locator 'xpath://button[contains(text(),'Accept')]' not found.</status>
</kw>
<msg time="2026-02-23T14:22:01.211913" level="INFO">${cookie} = False</msg>
<var>${cookie}</var>
<arg>Element Should Be Visible</arg>
<arg>xpath://button[contains(text(),'Accept')]</arg>
<doc>Runs the specified keyword and returns the status as a Boolean value.</doc>
<status status="PASS" start="2026-02-23T14:22:01.200785" elapsed="0.011152"/>
</kw>
<kw name="Run Keyword If" owner="BuiltIn">
<arg>${cookie}</arg>
<arg>Click Element</arg>
<arg>xpath://button[contains(text(),'Accept')]</arg>
<doc>Runs the given keyword with the given arguments, if ``condition`` is true.</doc>
<status status="PASS" start="2026-02-23T14:22:01.212037" elapsed="0.000212"/>
</kw>
<kw name="Kill All Ads" owner="BasePage">
<kw name="Execute Javascript" owner="SeleniumLibrary">
<msg time="2026-02-23T14:22:01.212919" level="INFO">Executing JavaScript:
(function(){var selectors = ['iframe[src*="google"]','iframe[src*="doubleclick"]','iframe[src*="googlesyndication"]','iframe[id*="aswift"]','iframe[name*="aswift"]','ins.adsbygoogle','div[id*="google_ads"]','div[class*="adsbygoogle"]'];selectors.forEach(function(sel){document.querySelectorAll(sel).forEach(function(el){el.style.display = 'none';el.style.pointerEvents = 'none';el.style.height = '0';el.style.width = '0';});});})();
Without any arguments.</msg>
<arg>(function(){</arg>
<arg>var selectors = [</arg>
<arg>'iframe[src*="google"]',</arg>
<arg>'iframe[src*="doubleclick"]',</arg>
<arg>'iframe[src*="googlesyndication"]',</arg>
<arg>'iframe[id*="aswift"]',</arg>
<arg>'iframe[name*="aswift"]',</arg>
<arg>'ins.adsbygoogle',</arg>
<arg>'div[id*="google_ads"]',</arg>
<arg>'div[class*="adsbygoogle"]'</arg>
<arg>];</arg>
<arg>selectors.forEach(function(sel){</arg>
<arg>document.querySelectorAll(sel).forEach(function(el){</arg>
<arg>el.style.display = 'none';</arg>
<arg>el.style.pointerEvents = 'none';</arg>
<arg>el.style.height = '0';</arg>
<arg>el.style.width = '0';</arg>
<arg>});</arg>
<arg>});</arg>
<arg>})();</arg>
<doc>Executes the given JavaScript code with possible arguments.</doc>
<status status="PASS" start="2026-02-23T14:22:01.212538" elapsed="0.003556"/>
</kw>
<kw name="Sleep" owner="BuiltIn">
<msg time="2026-02-23T14:22:01.716949" level="INFO">Slept 500 milliseconds.</msg>
<arg>0.5s</arg>
<doc>Pauses the test executed for the given time.</doc>
<status status="PASS" start="2026-02-23T14:22:01.216283" elapsed="0.500801"/>
</kw>
<status status="PASS" start="2026-02-23T14:22:01.212368" elapsed="0.504832"/>
</kw>
<kw name="Sleep" owner="BuiltIn">
<msg time="2026-02-23T14:22:02.217829" level="INFO">Slept 500 milliseconds.</msg>
<arg>0.5s</arg>
<doc>Pauses the test executed for the given time.</doc>
<status status="PASS" start="2026-02-23T14:22:01.717357" elapsed="0.500619"/>
</kw>
<status status="PASS" start="2026-02-23T14:21:58.671245" elapsed="3.546846"/>
</kw>
<kw name="Verify Home Page Is Loaded" owner="HomePage">
<kw name="Wait Until Element Is Visible" owner="SeleniumLibrary">
<arg>xpath://img[@alt='Website for automation practice']</arg>
<arg>20s</arg>
<doc>Waits until the element ``locator`` is visible.</doc>
<status status="PASS" start="2026-02-23T14:22:02.218583" elapsed="0.015370"/>
</kw>
<kw name="Title Should Be" owner="SeleniumLibrary">
<msg time="2026-02-23T14:22:02.237540" level="INFO">Page title is 'Automation Exercise'.</msg>
<arg>Automation Exercise</arg>
<doc>Verifies that the current page title equals ``title``.</doc>
<status status="PASS" start="2026-02-23T14:22:02.234145" elapsed="0.003462"/>
</kw>
<kw name="Log" owner="BuiltIn">
<msg time="2026-02-23T14:22:02.237972" level="INFO">✓ Home page loaded.</msg>
<arg>✓ Home page loaded.</arg>
<doc>Logs the given message with the given level.</doc>
<status status="PASS" start="2026-02-23T14:22:02.237741" elapsed="0.000271"/>
</kw>
<status status="PASS" start="2026-02-23T14:22:02.218310" elapsed="0.019762"/>
</kw>
<kw name="Navigate To Signup Login Page" owner="HomePage">
<kw name="Kill All Ads" owner="BasePage">
<kw name="Execute Javascript" owner="SeleniumLibrary">
<msg time="2026-02-23T14:22:02.238951" level="INFO">Executing JavaScript:
(function(){var selectors = ['iframe[src*="google"]','iframe[src*="doubleclick"]','iframe[src*="googlesyndication"]','iframe[id*="aswift"]','iframe[name*="aswift"]','ins.adsbygoogle','div[id*="google_ads"]','div[class*="adsbygoogle"]'];selectors.forEach(function(sel){document.querySelectorAll(sel).forEach(function(el){el.style.display = 'none';el.style.pointerEvents = 'none';el.style.height = '0';el.style.width = '0';});});})();
Without any arguments.</msg>
<arg>(function(){</arg>
<arg>var selectors = [</arg>
<arg>'iframe[src*="google"]',</arg>
<arg>'iframe[src*="doubleclick"]',</arg>
<arg>'iframe[src*="googlesyndication"]',</arg>
<arg>'iframe[id*="aswift"]',</arg>
<arg>'iframe[name*="aswift"]',</arg>
<arg>'ins.adsbygoogle',</arg>
<arg>'div[id*="google_ads"]',</arg>
<arg>'div[class*="adsbygoogle"]'</arg>
<arg>];</arg>
<arg>selectors.forEach(function(sel){</arg>
<arg>document.querySelectorAll(sel).forEach(function(el){</arg>
<arg>el.style.display = 'none';</arg>
<arg>el.style.pointerEvents = 'none';</arg>
<arg>el.style.height = '0';</arg>
<arg>el.style.width = '0';</arg>
<arg>});</arg>
<arg>});</arg>
<arg>})();</arg>
<doc>Executes the given JavaScript code with possible arguments.</doc>
<status status="PASS" start="2026-02-23T14:22:02.238557" elapsed="0.003135"/>
</kw>
<kw name="Sleep" owner="BuiltIn">
<msg time="2026-02-23T14:22:02.742409" level="INFO">Slept 500 milliseconds.</msg>
<arg>0.5s</arg>
<doc>Pauses the test executed for the given time.</doc>
<status status="PASS" start="2026-02-23T14:22:02.241837" elapsed="0.500706"/>
</kw>
<status status="PASS" start="2026-02-23T14:22:02.238402" elapsed="0.504258"/>
</kw>
<kw name="Wait Until Element Is Visible" owner="SeleniumLibrary">
<arg>xpath://a[@href='/login']</arg>
<arg>10s</arg>
<doc>Waits until the element ``locator`` is visible.</doc>
<status status="PASS" start="2026-02-23T14:22:02.742827" elapsed="0.012398"/>
</kw>
<kw name="Safe Click" owner="BasePage">
<kw name="Kill All Ads" owner="BasePage">
<kw name="Execute Javascript" owner="SeleniumLibrary">
<msg time="2026-02-23T14:22:02.756303" level="INFO">Executing JavaScript:
(function(){var selectors = ['iframe[src*="google"]','iframe[src*="doubleclick"]','iframe[src*="googlesyndication"]','iframe[id*="aswift"]','iframe[name*="aswift"]','ins.adsbygoogle','div[id*="google_ads"]','div[class*="adsbygoogle"]'];selectors.forEach(function(sel){document.querySelectorAll(sel).forEach(function(el){el.style.display = 'none';el.style.pointerEvents = 'none';el.style.height = '0';el.style.width = '0';});});})();
Without any arguments.</msg>
<arg>(function(){</arg>
<arg>var selectors = [</arg>
<arg>'iframe[src*="google"]',</arg>
<arg>'iframe[src*="doubleclick"]',</arg>
<arg>'iframe[src*="googlesyndication"]',</arg>
<arg>'iframe[id*="aswift"]',</arg>
<arg>'iframe[name*="aswift"]',</arg>
<arg>'ins.adsbygoogle',</arg>
<arg>'div[id*="google_ads"]',</arg>
<arg>'div[class*="adsbygoogle"]'</arg>
<arg>];</arg>
<arg>selectors.forEach(function(sel){</arg>
<arg>document.querySelectorAll(sel).forEach(function(el){</arg>
<arg>el.style.display = 'none';</arg>
<arg>el.style.pointerEvents = 'none';</arg>
<arg>el.style.height = '0';</arg>
<arg>el.style.width = '0';</arg>
<arg>});</arg>
<arg>});</arg>
<arg>})();</arg>
<doc>Executes the given JavaScript code with possible arguments.</doc>
<status status="PASS" start="2026-02-23T14:22:02.755902" elapsed="0.003714"/>
</kw>
<kw name="Sleep" owner="BuiltIn">
<msg time="2026-02-23T14:22:03.260560" level="INFO">Slept 500 milliseconds.</msg>
<arg>0.5s</arg>
<doc>Pauses the test executed for the given time.</doc>
<status status="PASS" start="2026-02-23T14:22:02.759796" elapsed="0.500902"/>
</kw>
<status status="PASS" start="2026-02-23T14:22:02.755728" elapsed="0.505086"/>
</kw>
<kw name="Wait Until Element Is Visible" owner="SeleniumLibrary">
<arg>${locator}</arg>
<arg>15s</arg>
<doc>Waits until the element ``locator`` is visible.</doc>
<status status="PASS" start="2026-02-23T14:22:03.260985" elapsed="0.010544"/>
</kw>
<kw name="Scroll Into View" owner="BasePage">
<kw name="Get WebElement" owner="SeleniumLibrary">
<msg time="2026-02-23T14:22:03.276770" level="INFO">${el} = &lt;selenium.webdriver.remote.webelement.WebElement (session="bdef962a329e9215f624b6eb1b8328cc", element="f.B5B7E684557A7FAFB9EF1B33E0A2528D.d.14195DD952A73254C476F422F6BA56FF.e.12")&gt;</msg>
<var>${el}</var>
<arg>${locator}</arg>
<doc>Returns the first WebElement matching the given ``locator``.</doc>
<status status="PASS" start="2026-02-23T14:22:03.272043" elapsed="0.004765"/>
</kw>
<kw name="Execute Javascript" owner="SeleniumLibrary">
<msg time="2026-02-23T14:22:03.277324" level="INFO">Executing JavaScript:
arguments[0].scrollIntoView({behavior:'smooth', block:'center'});
By using argument:
'&lt;selenium.webdriver.remote.webelement.WebElement (session="bdef962a329e9215f624b6eb1b8328cc", element="f.B5B7E684557A7FAFB9EF1B33E0A2528D.d.14195DD952A73254C476F422F6BA56FF.e.12")&gt;'</msg>
<arg>arguments[0].scrollIntoView({behavior:'smooth', block:'center'});</arg>
<arg>ARGUMENTS</arg>
<arg>${el}</arg>
<doc>Executes the given JavaScript code with possible arguments.</doc>
<status status="PASS" start="2026-02-23T14:22:03.276947" elapsed="0.004095"/>
</kw>
<kw name="Sleep" owner="BuiltIn">
<msg time="2026-02-23T14:22:03.681982" level="INFO">Slept 400 milliseconds.</msg>
<arg>0.4s</arg>
<doc>Pauses the test executed for the given time.</doc>
<status status="PASS" start="2026-02-23T14:22:03.281216" elapsed="0.400897"/>
</kw>
<arg>${locator}</arg>
<status status="PASS" start="2026-02-23T14:22:03.271766" elapsed="0.410476"/>
</kw>
<kw name="Kill All Ads" owner="BasePage">
<kw name="Execute Javascript" owner="SeleniumLibrary">
<msg time="2026-02-23T14:22:03.683140" level="INFO">Executing JavaScript:
(function(){var selectors = ['iframe[src*="google"]','iframe[src*="doubleclick"]','iframe[src*="googlesyndication"]','iframe[id*="aswift"]','iframe[name*="aswift"]','ins.adsbygoogle','div[id*="google_ads"]','div[class*="adsbygoogle"]'];selectors.forEach(function(sel){document.querySelectorAll(sel).forEach(function(el){el.style.display = 'none';el.style.pointerEvents = 'none';el.style.height = '0';el.style.width = '0';});});})();
Without any arguments.</msg>
<arg>(function(){</arg>
<arg>var selectors = [</arg>
<arg>'iframe[src*="google"]',</arg>
<arg>'iframe[src*="doubleclick"]',</arg>
<arg>'iframe[src*="googlesyndication"]',</arg>
<arg>'iframe[id*="aswift"]',</arg>
<arg>'iframe[name*="aswift"]',</arg>
<arg>'ins.adsbygoogle',</arg>
<arg>'div[id*="google_ads"]',</arg>
<arg>'div[class*="adsbygoogle"]'</arg>
<arg>];</arg>
<arg>selectors.forEach(function(sel){</arg>
<arg>document.querySelectorAll(sel).forEach(function(el){</arg>
<arg>el.style.display = 'none';</arg>
<arg>el.style.pointerEvents = 'none';</arg>
<arg>el.style.height = '0';</arg>
<arg>el.style.width = '0';</arg>
<arg>});</arg>
<arg>});</arg>
<arg>})();</arg>
<doc>Executes the given JavaScript code with possible arguments.</doc>
<status status="PASS" start="2026-02-23T14:22:03.682670" elapsed="0.004885"/>
</kw>
<kw name="Sleep" owner="BuiltIn">
<msg time="2026-02-23T14:22:04.188531" level="INFO">Slept 500 milliseconds.</msg>
<arg>0.5s</arg>
<doc>Pauses the test executed for the given time.</doc>
<status status="PASS" start="2026-02-23T14:22:03.687852" elapsed="0.500833"/>
</kw>
<status status="PASS" start="2026-02-23T14:22:03.682426" elapsed="0.506367"/>
</kw>
<kw name="Get WebElement" owner="SeleniumLibrary">
<msg time="2026-02-23T14:22:04.197294" level="INFO">${el} = &lt;selenium.webdriver.remote.webelement.WebElement (session="bdef962a329e9215f624b6eb1b8328cc", element="f.B5B7E684557A7FAFB9EF1B33E0A2528D.d.14195DD952A73254C476F422F6BA56FF.e.12")&gt;</msg>
<var>${el}</var>
<arg>${locator}</arg>
<doc>Returns the first WebElement matching the given ``locator``.</doc>
<status status="PASS" start="2026-02-23T14:22:04.188953" elapsed="0.008394"/>
</kw>
<kw name="Execute Javascript" owner="SeleniumLibrary">
<msg time="2026-02-23T14:22:04.197941" level="INFO">Executing JavaScript:
arguments[0].click();
By using argument:
'&lt;selenium.webdriver.remote.webelement.WebElement (session="bdef962a329e9215f624b6eb1b8328cc", element="f.B5B7E684557A7FAFB9EF1B33E0A2528D.d.14195DD952A73254C476F422F6BA56FF.e.12")&gt;'</msg>
<arg>arguments[0].click();</arg>
<arg>ARGUMENTS</arg>
<arg>${el}</arg>
<doc>Executes the given JavaScript code with possible arguments.</doc>
<status status="PASS" start="2026-02-23T14:22:04.197533" elapsed="3.032536"/>
</kw>
<kw name="Log" owner="BuiltIn">
<msg time="2026-02-23T14:22:07.230710" level="INFO">✓ Safe clicked: xpath://a[@href='/login']</msg>
<arg>✓ Safe clicked: ${locator}</arg>
<doc>Logs the given message with the given level.</doc>
<status status="PASS" start="2026-02-23T14:22:07.230304" elapsed="0.000467"/>
</kw>
<arg>xpath://a[@href='/login']</arg>
<status status="PASS" start="2026-02-23T14:22:02.755465" elapsed="4.475388"/>
</kw>
<kw name="Wait Until Location Contains" owner="SeleniumLibrary">
<arg>/login</arg>
<arg>10s</arg>
<doc>Waits until the current URL contains ``expected``.</doc>
<status status="PASS" start="2026-02-23T14:22:07.230997" elapsed="0.005535"/>
</kw>
<kw name="Log" owner="BuiltIn">
<msg time="2026-02-23T14:22:07.237237" level="INFO">✓ Navigated to /login.</msg>
<arg>✓ Navigated to /login.</arg>
<doc>Logs the given message with the given level.</doc>
<status status="PASS" start="2026-02-23T14:22:07.236826" elapsed="0.000489"/>
</kw>
<status status="PASS" start="2026-02-23T14:22:02.238201" elapsed="4.999226"/>
</kw>
<kw name="Dismiss Ads And Overlays" owner="BasePage">
<kw name="Sleep" owner="BuiltIn">
<msg time="2026-02-23T14:22:09.238830" level="INFO">Slept 2 seconds.</msg>
<arg>2s</arg>
<doc>Pauses the test executed for the given time.</doc>
<status status="PASS" start="2026-02-23T14:22:07.238074" elapsed="2.000884"/>
</kw>
<kw name="Kill All Ads" owner="BasePage">
<kw name="Execute Javascript" owner="SeleniumLibrary">
<msg time="2026-02-23T14:22:09.240003" level="INFO">Executing JavaScript:
(function(){var selectors = ['iframe[src*="google"]','iframe[src*="doubleclick"]','iframe[src*="googlesyndication"]','iframe[id*="aswift"]','iframe[name*="aswift"]','ins.adsbygoogle','div[id*="google_ads"]','div[class*="adsbygoogle"]'];selectors.forEach(function(sel){document.querySelectorAll(sel).forEach(function(el){el.style.display = 'none';el.style.pointerEvents = 'none';el.style.height = '0';el.style.width = '0';});});})();
Without any arguments.</msg>
<arg>(function(){</arg>
<arg>var selectors = [</arg>
<arg>'iframe[src*="google"]',</arg>
<arg>'iframe[src*="doubleclick"]',</arg>
<arg>'iframe[src*="googlesyndication"]',</arg>
<arg>'iframe[id*="aswift"]',</arg>
<arg>'iframe[name*="aswift"]',</arg>
<arg>'ins.adsbygoogle',</arg>
<arg>'div[id*="google_ads"]',</arg>
<arg>'div[class*="adsbygoogle"]'</arg>
<arg>];</arg>
<arg>selectors.forEach(function(sel){</arg>
<arg>document.querySelectorAll(sel).forEach(function(el){</arg>
<arg>el.style.display = 'none';</arg>
<arg>el.style.pointerEvents = 'none';</arg>
<arg>el.style.height = '0';</arg>
<arg>el.style.width = '0';</arg>
<arg>});</arg>
<arg>});</arg>
<arg>})();</arg>
<doc>Executes the given JavaScript code with possible arguments.</doc>
<status status="PASS" start="2026-02-23T14:22:09.239492" elapsed="0.007295"/>
</kw>
<kw name="Sleep" owner="BuiltIn">
<msg time="2026-02-23T14:22:09.747676" level="INFO">Slept 500 milliseconds.</msg>
<arg>0.5s</arg>
<doc>Pauses the test executed for the given time.</doc>
<status status="PASS" start="2026-02-23T14:22:09.247040" elapsed="0.500766"/>
</kw>
<status status="PASS" start="2026-02-23T14:22:09.239203" elapsed="0.508719"/>
</kw>
<kw name="Run Keyword And Return Status" owner="BuiltIn">
<kw name="Element Should Be Visible" owner="SeleniumLibrary">
<kw name="Screenshot On Failure" owner="BasePage">
<kw name="Run Keyword And Return Status" owner="BuiltIn">
<kw name="Should Be Equal" owner="BuiltIn">
<msg time="2026-02-23T14:22:09.754955" level="FAIL">Variable '${TEST STATUS}' not found. Did you mean:
    ${PREV_TEST_STATUS}</msg>
<arg>${TEST STATUS}</arg>
<arg>FAIL</arg>
<doc>Fails if the given objects are unequal.</doc>
<status status="FAIL" start="2026-02-23T14:22:09.754387" elapsed="0.000609">Variable '${TEST STATUS}' not found. Did you mean:
    ${PREV_TEST_STATUS}</status>
</kw>
<msg time="2026-02-23T14:22:09.755119" level="INFO">${test_failed} = False</msg>
<var>${test_failed}</var>
<arg>Should Be Equal</arg>
<arg>${TEST STATUS}</arg>
<arg>FAIL</arg>
<doc>Runs the specified keyword and returns the status as a Boolean value.</doc>
<status status="PASS" start="2026-02-23T14:22:09.754110" elapsed="0.001032"/>
</kw>
<kw name="Run Keyword If" owner="BuiltIn">
<arg>${test_failed}</arg>
<arg>Capture Page Screenshot</arg>
<arg>filename=EMBED</arg>
<doc>Runs the given keyword with the given arguments, if ``condition`` is true.</doc>
<status status="PASS" start="2026-02-23T14:22:09.755241" elapsed="0.000202"/>
</kw>
<doc>Used as run_on_failure handler for SeleniumLibrary.
Only captures a screenshot when the TEST has actually failed —
NOT when Run Keyword And Return Status or similar silently fails.
This stops screenshots being taken during passing tests.</doc>
<status status="PASS" start="2026-02-23T14:22:09.753830" elapsed="0.001674"/>
</kw>
<msg time="2026-02-23T14:22:09.755585" level="FAIL">Element with locator 'id=dismiss-button' not found.</msg>
<arg>id=dismiss-button</arg>
<doc>Verifies that the element identified by ``locator`` is visible.</doc>
<status status="FAIL" start="2026-02-23T14:22:09.748409" elapsed="0.008228">Element with locator 'id=dismiss-button' not found.</status>
</kw>
<msg time="2026-02-23T14:22:09.756766" level="INFO">${vignette} = False</msg>
<var>${vignette}</var>
<arg>Element Should Be Visible</arg>
<arg>id=dismiss-button</arg>
<doc>Runs the specified keyword and returns the status as a Boolean value.</doc>
<status status="PASS" start="2026-02-23T14:22:09.748085" elapsed="0.008705"/>
</kw>
<kw name="Run Keyword If" owner="BuiltIn">
<arg>${vignette}</arg>
<arg>Click Element</arg>
<arg>id=dismiss-button</arg>
<doc>Runs the given keyword with the given arguments, if ``condition`` is true.</doc>
<status status="PASS" start="2026-02-23T14:22:09.756891" elapsed="0.000216"/>
</kw>
<kw name="Run Keyword And Return Status" owner="BuiltIn">
<kw name="Element Should Be Visible" owner="SeleniumLibrary">
<kw name="Screenshot On Failure" owner="BasePage">
<kw name="Run Keyword And Return Status" owner="BuiltIn">
<kw name="Should Be Equal" owner="BuiltIn">
<msg time="2026-02-23T14:22:09.763444" level="FAIL">Variable '${TEST STATUS}' not found. Did you mean:
    ${PREV_TEST_STATUS}</msg>
<arg>${TEST STATUS}</arg>
<arg>FAIL</arg>
<doc>Fails if the given objects are unequal.</doc>
<status status="FAIL" start="2026-02-23T14:22:09.762854" elapsed="0.000635">Variable '${TEST STATUS}' not found. Did you mean:
    ${PREV_TEST_STATUS}</status>
</kw>
<msg time="2026-02-23T14:22:09.763626" level="INFO">${test_failed} = False</msg>
<var>${test_failed}</var>
<arg>Should Be Equal</arg>
<arg>${TEST STATUS}</arg>
<arg>FAIL</arg>
<doc>Runs the specified keyword and returns the status as a Boolean value.</doc>
<status status="PASS" start="2026-02-23T14:22:09.762578" elapsed="0.001071"/>
</kw>
<kw name="Run Keyword If" owner="BuiltIn">
<arg>${test_failed}</arg>
<arg>Capture Page Screenshot</arg>
<arg>filename=EMBED</arg>
<doc>Runs the given keyword with the given arguments, if ``condition`` is true.</doc>
<status status="PASS" start="2026-02-23T14:22:09.763761" elapsed="0.000219"/>
</kw>
<doc>Used as run_on_failure handler for SeleniumLibrary.
Only captures a screenshot when the TEST has actually failed —
NOT when Run Keyword And Return Status or similar silently fails.
This stops screenshots being taken during passing tests.</doc>
<status status="PASS" start="2026-02-23T14:22:09.762307" elapsed="0.001737"/>
</kw>
<msg time="2026-02-23T14:22:09.764131" level="FAIL">Element with locator 'xpath://button[contains(text(),'Accept')]' not found.</msg>
<arg>xpath://button[contains(text(),'Accept')]</arg>
<doc>Verifies that the element identified by ``locator`` is visible.</doc>
<status status="FAIL" start="2026-02-23T14:22:09.757412" elapsed="0.007802">Element with locator 'xpath://button[contains(text(),'Accept')]' not found.</status>
</kw>
<msg time="2026-02-23T14:22:09.765322" level="INFO">${cookie} = False</msg>
<var>${cookie}</var>
<arg>Element Should Be Visible</arg>
<arg>xpath://button[contains(text(),'Accept')]</arg>
<doc>Runs the specified keyword and returns the status as a Boolean value.</doc>
<status status="PASS" start="2026-02-23T14:22:09.757205" elapsed="0.008141"/>
</kw>
<kw name="Run Keyword If" owner="BuiltIn">
<arg>${cookie}</arg>
<arg>Click Element</arg>
<arg>xpath://button[contains(text(),'Accept')]</arg>
<doc>Runs the given keyword with the given arguments, if ``condition`` is true.</doc>
<status status="PASS" start="2026-02-23T14:22:09.765458" elapsed="0.000238"/>
</kw>
<kw name="Kill All Ads" owner="BasePage">
<kw name="Execute Javascript" owner="SeleniumLibrary">
<msg time="2026-02-23T14:22:09.766400" level="INFO">Executing JavaScript:
(function(){var selectors = ['iframe[src*="google"]','iframe[src*="doubleclick"]','iframe[src*="googlesyndication"]','iframe[id*="aswift"]','iframe[name*="aswift"]','ins.adsbygoogle','div[id*="google_ads"]','div[class*="adsbygoogle"]'];selectors.forEach(function(sel){document.querySelectorAll(sel).forEach(function(el){el.style.display = 'none';el.style.pointerEvents = 'none';el.style.height = '0';el.style.width = '0';});});})();
Without any arguments.</msg>
<arg>(function(){</arg>
<arg>var selectors = [</arg>
<arg>'iframe[src*="google"]',</arg>
<arg>'iframe[src*="doubleclick"]',</arg>
<arg>'iframe[src*="googlesyndication"]',</arg>
<arg>'iframe[id*="aswift"]',</arg>
<arg>'iframe[name*="aswift"]',</arg>
<arg>'ins.adsbygoogle',</arg>
<arg>'div[id*="google_ads"]',</arg>
<arg>'div[class*="adsbygoogle"]'</arg>
<arg>];</arg>
<arg>selectors.forEach(function(sel){</arg>
<arg>document.querySelectorAll(sel).forEach(function(el){</arg>
<arg>el.style.display = 'none';</arg>
<arg>el.style.pointerEvents = 'none';</arg>
<arg>el.style.height = '0';</arg>
<arg>el.style.width = '0';</arg>
<arg>});</arg>
<arg>});</arg>
<arg>})();</arg>
<doc>Executes the given JavaScript code with possible arguments.</doc>
<status status="PASS" start="2026-02-23T14:22:09.766013" elapsed="0.003733"/>
</kw>
<kw name="Sleep" owner="BuiltIn">
<msg time="2026-02-23T14:22:10.270557" level="INFO">Slept 500 milliseconds.</msg>
<arg>0.5s</arg>
<doc>Pauses the test executed for the given time.</doc>
<status status="PASS" start="2026-02-23T14:22:09.769938" elapsed="0.500755"/>
</kw>
<status status="PASS" start="2026-02-23T14:22:09.765828" elapsed="0.504972"/>
</kw>
<kw name="Sleep" owner="BuiltIn">
<msg time="2026-02-23T14:22:10.771831" level="INFO">Slept 500 milliseconds.</msg>
<arg>0.5s</arg>
<doc>Pauses the test executed for the given time.</doc>
<status status="PASS" start="2026-02-23T14:22:10.270951" elapsed="0.501076"/>
</kw>
<status status="PASS" start="2026-02-23T14:22:07.237704" elapsed="3.534464"/>
</kw>
<kw name="Fill Signup Form" owner="RegistrationPage">
<kw name="Wait Until Element Is Visible" owner="SeleniumLibrary">
<arg>xpath://h2[text()='New User Signup!']</arg>
<arg>15s</arg>
<doc>Waits until the element ``locator`` is visible.</doc>
<status status="PASS" start="2026-02-23T14:22:10.772809" elapsed="0.013202"/>
</kw>
<kw name="Wait Until Element Is Visible" owner="SeleniumLibrary">
<arg>xpath://input[@data-qa='signup-name']</arg>
<arg>10s</arg>
<doc>Waits until the element ``locator`` is visible.</doc>
<status status="PASS" start="2026-02-23T14:22:10.786237" elapsed="0.011947"/>
</kw>
<kw name="Type Into Field" owner="BasePage">
<kw name="Wait Until Element Is Visible" owner="SeleniumLibrary">
<arg>${locator}</arg>
<arg>10s</arg>
<doc>Waits until the element ``locator`` is visible.</doc>
<status status="PASS" start="2026-02-23T14:22:10.798726" elapsed="0.009625"/>
</kw>
<kw name="Wait Until Element Is Enabled" owner="SeleniumLibrary">
<arg>${locator}</arg>
<arg>10s</arg>
<doc>Waits until the element ``locator`` is enabled.</doc>
<status status="PASS" start="2026-02-23T14:22:10.808553" elapsed="0.019070"/>
</kw>
<kw name="Scroll Into View" owner="BasePage">
<kw name="Get WebElement" owner="SeleniumLibrary">
<msg time="2026-02-23T14:22:10.833298" level="INFO">${el} = &lt;selenium.webdriver.remote.webelement.WebElement (session="bdef962a329e9215f624b6eb1b8328cc", element="f.B5B7E684557A7FAFB9EF1B33E0A2528D.d.E3726224040C4DBC15CC252A3D158F72.e.47")&gt;</msg>
<var>${el}</var>
<arg>${locator}</arg>
<doc>Returns the first WebElement matching the given ``locator``.</doc>
<status status="PASS" start="2026-02-23T14:22:10.828262" elapsed="0.005084"/>
</kw>
<kw name="Execute Javascript" owner="SeleniumLibrary">
<msg time="2026-02-23T14:22:10.833924" level="INFO">Executing JavaScript:
arguments[0].scrollIntoView({behavior:'smooth', block:'center'});
By using argument:
'&lt;selenium.webdriver.remote.webelement.WebElement (session="bdef962a329e9215f624b6eb1b8328cc", element="f.B5B7E684557A7FAFB9EF1B33E0A2528D.d.E3726224040C4DBC15CC252A3D158F72.e.47")&gt;'</msg>
<arg>arguments[0].scrollIntoView({behavior:'smooth', block:'center'});</arg>
<arg>ARGUMENTS</arg>
<arg>${el}</arg>
<doc>Executes the given JavaScript code with possible arguments.</doc>
<status status="PASS" start="2026-02-23T14:22:10.833523" elapsed="0.004066"/>
</kw>
<kw name="Sleep" owner="BuiltIn">
<msg time="2026-02-23T14:22:11.238548" level="INFO">Slept 400 milliseconds.</msg>
<arg>0.4s</arg>
<doc>Pauses the test executed for the given time.</doc>
<status status="PASS" start="2026-02-23T14:22:10.837813" elapsed="0.400908"/>
</kw>
<arg>${locator}</arg>
<status status="PASS" start="2026-02-23T14:22:10.827926" elapsed="0.410925"/>
</kw>
<kw name="Click Element" owner="SeleniumLibrary">
<msg time="2026-02-23T14:22:11.239352" level="INFO">Clicking element 'xpath://input[@data-qa='signup-name']'.</msg>
<arg>${locator}</arg>
<doc>Click the element identified by ``locator``.</doc>
<status status="PASS" start="2026-02-23T14:22:11.239051" elapsed="0.054397"/>
</kw>
<kw name="Get WebElement" owner="SeleniumLibrary">
<msg time="2026-02-23T14:22:11.299845" level="INFO">${el} = &lt;selenium.webdriver.remote.webelement.WebElement (session="bdef962a329e9215f624b6eb1b8328cc", element="f.B5B7E684557A7FAFB9EF1B33E0A2528D.d.E3726224040C4DBC15CC252A3D158F72.e.47")&gt;</msg>
<var>${el}</var>
<arg>${locator}</arg>
<doc>Returns the first WebElement matching the given ``locator``.</doc>
<status status="PASS" start="2026-02-23T14:22:11.293641" elapsed="0.006265"/>
</kw>
<kw name="Execute Javascript" owner="SeleniumLibrary">
<msg time="2026-02-23T14:22:11.300637" level="INFO">Executing JavaScript:
var el = arguments[0];var setter = Object.getOwnPropertyDescriptor(window.HTMLInputElement.prototype, 'value').set;setter.call(el, arguments[1]);el.dispatchEvent(new Event('input',{ bubbles: true }));el.dispatchEvent(new Event('change', { bubbles: true }));
By using arguments:
'&lt;selenium.webdriver.remote.webelement.WebElement (session="bdef962a329e9215f624b6eb1b8328cc", element="f.B5B7E684557A7FAFB9EF1B33E0A2528D.d.E3726224040C4DBC15CC252A3D158F72.e.47")&gt;' and 'gowtham'</msg>
<arg>var el = arguments[0];</arg>
<arg>var setter = Object.getOwnPropertyDescriptor(window.HTMLInputElement.prototype, 'value').set;</arg>
<arg>setter.call(el, arguments[1]);</arg>
<arg>el.dispatchEvent(new Event('input',</arg>
<arg>{ bubbles: true }));</arg>
<arg>el.dispatchEvent(new Event('change', { bubbles: true }));</arg>
<arg>ARGUMENTS</arg>
<arg>${el}</arg>
<arg>${value}</arg>
<doc>Executes the given JavaScript code with possible arguments.</doc>
<status status="PASS" start="2026-02-23T14:22:11.300124" elapsed="0.005177"/>
</kw>
<kw name="Log" owner="BuiltIn">
<msg time="2026-02-23T14:22:11.306006" level="INFO">✓ Typed 'gowtham' into xpath://input[@data-qa='signup-name']</msg>
<arg>✓ Typed '${value}' into ${locator}</arg>
<doc>Logs the given message with the given level.</doc>
<status status="PASS" start="2026-02-23T14:22:11.305545" elapsed="0.000554"/>
</kw>
<arg>xpath://input[@data-qa='signup-name']</arg>
<arg>${name}</arg>
<status status="PASS" start="2026-02-23T14:22:10.798426" elapsed="0.507764"/>
</kw>
<kw name="Type Into Field" owner="BasePage">
<kw name="Wait Until Element Is Visible" owner="SeleniumLibrary">
<arg>${locator}</arg>
<arg>10s</arg>
<doc>Waits until the element ``locator`` is visible.</doc>
<status status="PASS" start="2026-02-23T14:22:11.306920" elapsed="0.015340"/>
</kw>
<kw name="Wait Until Element Is Enabled" owner="SeleniumLibrary">
<arg>${locator}</arg>
<arg>10s</arg>
<doc>Waits until the element ``locator`` is enabled.</doc>
<status status="PASS" start="2026-02-23T14:22:11.322460" elapsed="0.013643"/>
</kw>
<kw name="Scroll Into View" owner="BasePage">
<kw name="Get WebElement" owner="SeleniumLibrary">
<msg time="2026-02-23T14:22:11.341899" level="INFO">${el} = &lt;selenium.webdriver.remote.webelement.WebElement (session="bdef962a329e9215f624b6eb1b8328cc", element="f.B5B7E684557A7FAFB9EF1B33E0A2528D.d.E3726224040C4DBC15CC252A3D158F72.e.48")&gt;</msg>
<var>${el}</var>
<arg>${locator}</arg>
<doc>Returns the first WebElement matching the given ``locator``.</doc>
<status status="PASS" start="2026-02-23T14:22:11.336738" elapsed="0.005206"/>
</kw>
<kw name="Execute Javascript" owner="SeleniumLibrary">
<msg time="2026-02-23T14:22:11.342513" level="INFO">Executing JavaScript:
arguments[0].scrollIntoView({behavior:'smooth', block:'center'});
By using argument:
'&lt;selenium.webdriver.remote.webelement.WebElement (session="bdef962a329e9215f624b6eb1b8328cc", element="f.B5B7E684557A7FAFB9EF1B33E0A2528D.d.E3726224040C4DBC15CC252A3D158F72.e.48")&gt;'</msg>
<arg>arguments[0].scrollIntoView({behavior:'smooth', block:'center'});</arg>
<arg>ARGUMENTS</arg>
<arg>${el}</arg>
<doc>Executes the given JavaScript code with possible arguments.</doc>
<status status="PASS" start="2026-02-23T14:22:11.342109" elapsed="0.003962"/>
</kw>
<kw name="Sleep" owner="BuiltIn">
<msg time="2026-02-23T14:22:11.747041" level="INFO">Slept 400 milliseconds.</msg>
<arg>0.4s</arg>
<doc>Pauses the test executed for the given time.</doc>
<status status="PASS" start="2026-02-23T14:22:11.346254" elapsed="0.400916"/>
</kw>
<arg>${locator}</arg>
<status status="PASS" start="2026-02-23T14:22:11.336387" elapsed="0.410892"/>
</kw>
<kw name="Click Element" owner="SeleniumLibrary">
<msg time="2026-02-23T14:22:11.747702" level="INFO">Clicking element 'xpath://input[@data-qa='signup-email']'.</msg>
<arg>${locator}</arg>
<doc>Click the element identified by ``locator``.</doc>
<status status="PASS" start="2026-02-23T14:22:11.747446" elapsed="0.040773"/>
</kw>
<kw name="Get WebElement" owner="SeleniumLibrary">
<msg time="2026-02-23T14:22:11.794814" level="INFO">${el} = &lt;selenium.webdriver.remote.webelement.WebElement (session="bdef962a329e9215f624b6eb1b8328cc", element="f.B5B7E684557A7FAFB9EF1B33E0A2528D.d.E3726224040C4DBC15CC252A3D158F72.e.48")&gt;</msg>
<var>${el}</var>
<arg>${locator}</arg>
<doc>Returns the first WebElement matching the given ``locator``.</doc>
<status status="PASS" start="2026-02-23T14:22:11.788564" elapsed="0.006307"/>
</kw>
<kw name="Execute Javascript" owner="SeleniumLibrary">
<msg time="2026-02-23T14:22:11.795549" level="INFO">Executing JavaScript:
var el = arguments[0];var setter = Object.getOwnPropertyDescriptor(window.HTMLInputElement.prototype, 'value').set;setter.call(el, arguments[1]);el.dispatchEvent(new Event('input',{ bubbles: true }));el.dispatchEvent(new Event('change', { bubbles: true }));
By using arguments:
'&lt;selenium.webdriver.remote.webelement.WebElement (session="bdef962a329e9215f624b6eb1b8328cc", element="f.B5B7E684557A7FAFB9EF1B33E0A2528D.d.E3726224040C4DBC15CC252A3D158F72.e.48")&gt;' and 'gowtham.test001@yopmail.com'</msg>
<arg>var el = arguments[0];</arg>
<arg>var setter = Object.getOwnPropertyDescriptor(window.HTMLInputElement.prototype, 'value').set;</arg>
<arg>setter.call(el, arguments[1]);</arg>
<arg>el.dispatchEvent(new Event('input',</arg>
<arg>{ bubbles: true }));</arg>
<arg>el.dispatchEvent(new Event('change', { bubbles: true }));</arg>
<arg>ARGUMENTS</arg>
<arg>${el}</arg>
<arg>${value}</arg>
<doc>Executes the given JavaScript code with possible arguments.</doc>
<status status="PASS" start="2026-02-23T14:22:11.795068" elapsed="0.005585"/>
</kw>
<kw name="Log" owner="BuiltIn">
<msg time="2026-02-23T14:22:11.801266" level="INFO">✓ Typed 'gowtham.test001@yopmail.com' into xpath://input[@data-qa='signup-email']</msg>
<arg>✓ Typed '${value}' into ${locator}</arg>
<doc>Logs the given message with the given level.</doc>
<status status="PASS" start="2026-02-23T14:22:11.800876" elapsed="0.000455"/>
</kw>
<arg>xpath://input[@data-qa='signup-email']</arg>
<arg>${email}</arg>
<status status="PASS" start="2026-02-23T14:22:11.306415" elapsed="0.494992"/>
</kw>
<kw name="Click Button" owner="SeleniumLibrary">
<msg time="2026-02-23T14:22:11.801716" level="INFO">Clicking button 'xpath://button[@data-qa='signup-button']'.</msg>
<arg>xpath://button[@data-qa='signup-button']</arg>
<doc>Clicks the button identified by ``locator``.</doc>
<status status="PASS" start="2026-02-23T14:22:11.801537" elapsed="2.297127"/>
</kw>
<kw name="Log" owner="BuiltIn">
<msg time="2026-02-23T14:22:14.099167" level="INFO">✓ Signup button clicked.</msg>
<arg>✓ Signup button clicked.</arg>
<doc>Logs the given message with the given level.</doc>
<status status="PASS" start="2026-02-23T14:22:14.098882" elapsed="0.000331"/>
</kw>
<arg>${user}[name]</arg>
<arg>${user}[email]</arg>
<status status="PASS" start="2026-02-23T14:22:10.772417" elapsed="3.326906"/>
</kw>
<kw name="Check Signup Outcome" owner="RegistrationPage">
<kw name="Set Variable" owner="BuiltIn">
<msg time="2026-02-23T14:22:14.100317" level="INFO">${timeout} = 30</msg>
<var>${timeout}</var>
<arg>${30}</arg>
<doc>Returns the given values which can then be assigned to a variables.</doc>
<status status="PASS" start="2026-02-23T14:22:14.099920" elapsed="0.000422"/>
</kw>
<kw name="Set Variable" owner="BuiltIn">
<msg time="2026-02-23T14:22:14.100788" level="INFO">${interval} = 0.5</msg>
<var>${interval}</var>
<arg>${0.5}</arg>
<doc>Returns the given values which can then be assigned to a variables.</doc>
<status status="PASS" start="2026-02-23T14:22:14.100434" elapsed="0.000377"/>
</kw>
<kw name="Set Variable" owner="BuiltIn">
<msg time="2026-02-23T14:22:14.101240" level="INFO">${elapsed} = 0</msg>
<var>${elapsed}</var>
<arg>${0}</arg>
<doc>Returns the given values which can then be assigned to a variables.</doc>
<status status="PASS" start="2026-02-23T14:22:14.100917" elapsed="0.000346"/>
</kw>
<while condition="${elapsed} &lt; ${timeout}">
<iter>
<kw name="Get Location" owner="SeleniumLibrary">
<msg time="2026-02-23T14:22:14.105059" level="INFO">${url} = https://automationexercise.com/signup</msg>
<var>${url}</var>
<doc>Returns the current browser window URL.</doc>
<status status="PASS" start="2026-02-23T14:22:14.101684" elapsed="0.003423"/>
</kw>
<kw name="Run Keyword And Return Status" owner="BuiltIn">
<kw name="Should Contain" owner="BuiltIn">
<arg>${url}</arg>
<arg>/signup</arg>
<doc>Fails if ``container`` does not contain ``item`` one or more times.</doc>
<status status="PASS" start="2026-02-23T14:22:14.105593" elapsed="0.000402"/>
</kw>
<msg time="2026-02-23T14:22:14.106093" level="INFO">${on_signup} = True</msg>
<var>${on_signup}</var>
<arg>Should Contain</arg>
<arg>${url}</arg>
<arg>/signup</arg>
<doc>Runs the specified keyword and returns the status as a Boolean value.</doc>
<status status="PASS" start="2026-02-23T14:22:14.105276" elapsed="0.000841"/>
</kw>
<if>
<branch type="IF" condition="${on_signup}">
<kw name="Log" owner="BuiltIn">
<msg time="2026-02-23T14:22:14.106554" level="INFO">✓ Outcome: new account — on /signup page.</msg>
<arg>✓ Outcome: new account — on /signup page.</arg>
<doc>Logs the given message with the given level.</doc>
<status status="PASS" start="2026-02-23T14:22:14.106369" elapsed="0.000229"/>
</kw>
<return>
<value>register</value>
<status status="PASS" start="2026-02-23T14:22:14.106651" elapsed="0.000049"/>
</return>
<status status="PASS" start="2026-02-23T14:22:14.106225" elapsed="0.000522"/>
</branch>
<status status="PASS" start="2026-02-23T14:22:14.106190" elapsed="0.000595"/>
</if>
<kw name="Run Keyword And Return Status" owner="BuiltIn">
<var>${error_visible}</var>
<arg>Element Should Be Visible</arg>
<arg>xpath://p[contains(text(),'Email Address already exist!')]</arg>
<doc>Runs the specified keyword and returns the status as a Boolean value.</doc>
<status status="NOT RUN" start="2026-02-23T14:22:14.106875" elapsed="0.000023"/>
</kw>
<if>
<branch type="IF" condition="${error_visible}">
<kw name="Log" owner="BuiltIn">
<arg>⚠ Outcome: email already exists — ${email}</arg>
<doc>Logs the given message with the given level.</doc>
<status status="NOT RUN" start="2026-02-23T14:22:14.107046" elapsed="0.000021"/>
</kw>
<return>
<value>login</value>
<status status="NOT RUN" start="2026-02-23T14:22:14.107107" elapsed="0.000020"/>
</return>
<status status="NOT RUN" start="2026-02-23T14:22:14.106966" elapsed="0.000192"/>
</branch>
<status status="NOT RUN" start="2026-02-23T14:22:14.106951" elapsed="0.000234"/>
</if>
<kw name="Sleep" owner="BuiltIn">
<arg>${interval}</arg>
<doc>Pauses the test executed for the given time.</doc>
<status status="NOT RUN" start="2026-02-23T14:22:14.107248" elapsed="0.000019"/>
</kw>
<kw name="Evaluate" owner="BuiltIn">
<var>${elapsed}</var>
<arg>${elapsed} + ${interval}</arg>
<doc>Evaluates the given expression in Python and returns the result.</doc>
<status status="NOT RUN" start="2026-02-23T14:22:14.107346" elapsed="0.000020"/>
</kw>
<status status="PASS" start="2026-02-23T14:22:14.101328" elapsed="0.006071"/>
</iter>
<status status="PASS" start="2026-02-23T14:22:14.101327" elapsed="0.006110"/>
</while>
<msg time="2026-02-23T14:22:14.107542" level="INFO">${outcome} = register</msg>
<var>${outcome}</var>
<arg>${user}[email]</arg>
<doc>Polls every 0.5s for up to 30s waiting for EITHER:
A) URL becomes /signup   → new account    → return "register"
B) Error p tag appears   → email exists   → return "login"
Whichever appears first wins immediately — no long sequential waits.</doc>
<status status="PASS" start="2026-02-23T14:22:14.099631" elapsed="0.007934"/>
</kw>
<if>
<branch type="IF" condition="'${outcome}' == 'register'">
<kw name="Fill Account Information" owner="RegistrationPage">
<kw name="Scroll Into View" owner="BasePage">
<kw name="Get WebElement" owner="SeleniumLibrary">
<kw name="Screenshot On Failure" owner="BasePage">
<kw name="Run Keyword And Return Status" owner="BuiltIn">
<kw name="Should Be Equal" owner="BuiltIn">
<msg time="2026-02-23T14:22:14.117739" level="FAIL">Variable '${TEST STATUS}' not found. Did you mean:
    ${PREV_TEST_STATUS}</msg>
<arg>${TEST STATUS}</arg>
<arg>FAIL</arg>
<doc>Fails if the given objects are unequal.</doc>
<status status="FAIL" start="2026-02-23T14:22:14.116247" elapsed="0.001536">Variable '${TEST STATUS}' not found. Did you mean:
    ${PREV_TEST_STATUS}</status>
</kw>
<msg time="2026-02-23T14:22:14.117895" level="INFO">${test_failed} = False</msg>
<var>${test_failed}</var>
<arg>Should Be Equal</arg>
<arg>${TEST STATUS}</arg>
<arg>FAIL</arg>
<doc>Runs the specified keyword and returns the status as a Boolean value.</doc>
<status status="PASS" start="2026-02-23T14:22:14.115961" elapsed="0.001958"/>
</kw>
<kw name="Run Keyword If" owner="BuiltIn">
<arg>${test_failed}</arg>
<arg>Capture Page Screenshot</arg>
<arg>filename=EMBED</arg>
<doc>Runs the given keyword with the given arguments, if ``condition`` is true.</doc>
<status status="PASS" start="2026-02-23T14:22:14.118022" elapsed="0.000217"/>
</kw>
<doc>Used as run_on_failure handler for SeleniumLibrary.
Only captures a screenshot when the TEST has actually failed —
NOT when Run Keyword And Return Status or similar silently fails.
This stops screenshots being taken during passing tests.</doc>
<status status="PASS" start="2026-02-23T14:22:14.115682" elapsed="0.002621"/>
</kw>
<msg time="2026-02-23T14:22:14.118382" level="FAIL">Element with locator 'id=id_gender1' not found.</msg>
<var>${el}</var>
<arg>${locator}</arg>
<doc>Returns the first WebElement matching the given ``locator``.</doc>
<status status="FAIL" start="2026-02-23T14:22:14.108309" elapsed="0.011079">Element with locator 'id=id_gender1' not found.</status>
</kw>
<kw name="Execute Javascript" owner="SeleniumLibrary">
<arg>arguments[0].scrollIntoView({behavior:'smooth', block:'center'});</arg>
<arg>ARGUMENTS</arg>
<arg>${el}</arg>
<doc>Executes the given JavaScript code with possible arguments.</doc>
<status status="NOT RUN" start="2026-02-23T14:22:14.119532" elapsed="0.000026"/>
</kw>
<kw name="Sleep" owner="BuiltIn">
<arg>0.4s</arg>
<doc>Pauses the test executed for the given time.</doc>
<status status="NOT RUN" start="2026-02-23T14:22:14.119641" elapsed="0.000021"/>
</kw>
<arg>id=id_gender1</arg>
<status status="FAIL" start="2026-02-23T14:22:14.108115" elapsed="0.011651">Element with locator 'id=id_gender1' not found.</status>
</kw>
<kw name="Click Element" owner="SeleniumLibrary">
<arg>id=id_gender1</arg>
<doc>Click the element identified by ``locator``.</doc>
<status status="NOT RUN" start="2026-02-23T14:22:14.119864" elapsed="0.000022"/>
</kw>
<kw name="Wait Until Element Is Visible" owner="SeleniumLibrary">
<arg>id=password</arg>
<arg>10s</arg>
<doc>Waits until the element ``locator`` is visible.</doc>
<status status="NOT RUN" start="2026-02-23T14:22:14.119964" elapsed="0.000049"/>
</kw>
<kw name="Type Into Field" owner="BasePage">
<arg>id=password</arg>
<arg>${password}</arg>
<status status="NOT RUN" start="2026-02-23T14:22:14.120157" elapsed="0.000026"/>
</kw>
<kw name="Scroll Into View" owner="BasePage">
<arg>id=days</arg>
<status status="NOT RUN" start="2026-02-23T14:22:14.120280" elapsed="0.000020"/>
</kw>
<kw name="Select From List By Value" owner="SeleniumLibrary">
<arg>id=days</arg>
<arg>15</arg>
<doc>Selects options from selection list ``locator`` by ``values``.</doc>
<status status="NOT RUN" start="2026-02-23T14:22:14.120375" elapsed="0.000020"/>
</kw>
<kw name="Select From List By Label" owner="SeleniumLibrary">
<arg>id=months</arg>
<arg>June</arg>
<doc>Selects options from selection list ``locator`` by ``labels``.</doc>
<status status="NOT RUN" start="2026-02-23T14:22:14.120469" elapsed="0.000019"/>
</kw>
<kw name="Select From List By Value" owner="SeleniumLibrary">
<arg>id=years</arg>
<arg>1990</arg>
<doc>Selects options from selection list ``locator`` by ``values``.</doc>
<status status="NOT RUN" start="2026-02-23T14:22:14.120562" elapsed="0.000019"/>
</kw>
<kw name="Log" owner="BuiltIn">
<arg>✓ Account information filled.</arg>
<doc>Logs the given message with the given level.</doc>
<status status="NOT RUN" start="2026-02-23T14:22:14.120654" elapsed="0.000019"/>
</kw>
<arg>${user}[password]</arg>
<status status="FAIL" start="2026-02-23T14:22:14.107864" elapsed="0.012890">Element with locator 'id=id_gender1' not found.</status>
</kw>
<kw name="Tick Checkboxes" owner="RegistrationPage">
<status status="NOT RUN" start="2026-02-23T14:22:14.120876" elapsed="0.000023"/>
</kw>
<kw name="Fill Address Information" owner="RegistrationPage">
<arg>${user}[first_name]</arg>
<arg>${user}[last_name]</arg>
<arg>${user}[address]</arg>
<arg>${user}[city]</arg>
<arg>${user}[state]</arg>
<arg>${user}[zip]</arg>
<arg>${user}[country]</arg>
<arg>${user}[mobile]</arg>
<status status="NOT RUN" start="2026-02-23T14:22:14.121027" elapsed="0.000024"/>
</kw>
<kw name="Submit Create Account" owner="RegistrationPage">
<status status="NOT RUN" start="2026-02-23T14:22:14.121154" elapsed="0.000021"/>
</kw>
<kw name="Verify Account Created" owner="RegistrationPage">
<status status="NOT RUN" start="2026-02-23T14:22:14.121254" elapsed="0.000020"/>
</kw>
<kw name="Click Continue After Registration" owner="RegistrationPage">
<status status="NOT RUN" start="2026-02-23T14:22:14.121357" elapsed="0.000020"/>
</kw>
<kw name="Log" owner="BuiltIn">
<arg>✓ Registration SUCCESS: ${user}[name]</arg>
<doc>Logs the given message with the given level.</doc>
<status status="NOT RUN" start="2026-02-23T14:22:14.121442" elapsed="0.000019"/>
</kw>
<status status="FAIL" start="2026-02-23T14:22:14.107634" elapsed="0.013871">Element with locator 'id=id_gender1' not found.</status>
</branch>
<branch type="ELSE">
<kw name="Log" owner="BuiltIn">
<arg>⚠ Already registered: ${user}[email] — marking as PASS.</arg>
<doc>Logs the given message with the given level.</doc>
<status status="NOT RUN" start="2026-02-23T14:22:14.121633" elapsed="0.000019"/>
</kw>
<kw name="Close Application" owner="BasePage">
<status status="NOT RUN" start="2026-02-23T14:22:14.121741" elapsed="0.000021"/>
</kw>
<kw name="Pass Execution" owner="BuiltIn">
<arg>Account already exists for ${user}[email] — skipping registration.</arg>
<doc>Skips rest of the current test, setup, or teardown with PASS status.</doc>
<status status="NOT RUN" start="2026-02-23T14:22:14.121829" elapsed="0.000019"/>
</kw>
<status status="NOT RUN" start="2026-02-23T14:22:14.121551" elapsed="0.000329"/>
</branch>
<status status="FAIL" start="2026-02-23T14:22:14.107621" elapsed="0.014288">Element with locator 'id=id_gender1' not found.</status>
</if>
<kw name="Get Current Date" owner="DateTime">
<var>${end}</var>
<arg>result_format=%H:%M:%S</arg>
<doc>Returns current local or UTC time with an optional increment.</doc>
<status status="NOT RUN" start="2026-02-23T14:22:14.121990" elapsed="0.000020"/>
</kw>
<kw name="Log" owner="BuiltIn">
<arg>✓ DONE: ${user}[name] | Start: ${start} | End: ${end}</arg>
<doc>Logs the given message with the given level.</doc>
<status status="NOT RUN" start="2026-02-23T14:22:14.122082" elapsed="0.000019"/>
</kw>
<kw name="Close Application" owner="BasePage">
<status status="NOT RUN" start="2026-02-23T14:22:14.122185" elapsed="0.000021"/>
</kw>
<arg>${USERS}[0]</arg>
<status status="FAIL" start="2026-02-23T14:21:50.941364" elapsed="23.180905">Element with locator 'id=id_gender1' not found.</status>
</kw>
<tag>registration</tag>
<tag>tc001</tag>
<status status="FAIL" start="2026-02-23T14:21:50.940749" elapsed="23.181797">Element with locator 'id=id_gender1' not found.</status>
</test>
<test id="s1-t2" name="TC001 User 2 Register" line="34">
<kw name="Register Single User">
<kw name="Get Current Date" owner="DateTime">
<msg time="2026-02-23T14:22:14.125269" level="INFO">${start} = 14:22:14</msg>
<var>${start}</var>
<arg>result_format=%H:%M:%S</arg>
<doc>Returns current local or UTC time with an optional increment.</doc>
<status status="PASS" start="2026-02-23T14:22:14.124926" elapsed="0.000381"/>
</kw>
<kw name="Log" owner="BuiltIn">
<msg time="2026-02-23T14:22:14.125692" level="INFO">══════════════════════════════════════════════════════</msg>
<arg>══════════════════════════════════════════════════════</arg>
<doc>Logs the given message with the given level.</doc>
<status status="PASS" start="2026-02-23T14:22:14.125449" elapsed="0.000293"/>
</kw>
<kw name="Log" owner="BuiltIn">
<msg time="2026-02-23T14:22:14.126123" level="INFO">USER : manoj | manoj.test002@yopmail.com | START: 14:22:14</msg>
<arg>USER : ${user}[name] | ${user}[email] | START: ${start}</arg>
<doc>Logs the given message with the given level.</doc>
<status status="PASS" start="2026-02-23T14:22:14.125839" elapsed="0.000327"/>
</kw>
<kw name="Log" owner="BuiltIn">
<msg time="2026-02-23T14:22:14.126437" level="INFO">══════════════════════════════════════════════════════</msg>
<arg>══════════════════════════════════════════════════════</arg>
<doc>Logs the given message with the given level.</doc>
<status status="PASS" start="2026-02-23T14:22:14.126260" elapsed="0.000231"/>
</kw>
<kw name="Open Application" owner="BasePage">
<kw name="Evaluate" owner="BuiltIn">
<msg time="2026-02-23T14:22:14.132039" level="INFO">${options} = &lt;selenium.webdriver.chrome.options.Options object at 0x000001C67371B890&gt;</msg>
<var>${options}</var>
<arg>sys.modules['selenium.webdriver'].ChromeOptions()</arg>
<arg>sys</arg>
<doc>Evaluates the given expression in Python and returns the result.</doc>
<status status="PASS" start="2026-02-23T14:22:14.128996" elapsed="0.003166"/>
</kw>
<kw name="Call Method" owner="BuiltIn">
<arg>${options}</arg>
<arg>add_argument</arg>
<arg>--disable-notifications</arg>
<doc>Calls the named method of the given object with the provided arguments.</doc>
<status status="PASS" start="2026-02-23T14:22:14.133202" elapsed="0.000851"/>
</kw>
<kw name="Call Method" owner="BuiltIn">
<arg>${options}</arg>
<arg>add_argument</arg>
<arg>--disable-popup-blocking</arg>
<doc>Calls the named method of the given object with the provided arguments.</doc>
<status status="PASS" start="2026-02-23T14:22:14.134331" elapsed="0.001003"/>
</kw>
<kw name="Call Method" owner="BuiltIn">
<arg>${options}</arg>
<arg>add_argument</arg>
<arg>--disable-infobars</arg>
<doc>Calls the named method of the given object with the provided arguments.</doc>
<status status="PASS" start="2026-02-23T14:22:14.136315" elapsed="0.000695"/>
</kw>
<kw name="Call Method" owner="BuiltIn">
<arg>${options}</arg>
<arg>add_argument</arg>
<arg>--disable-extensions</arg>
<doc>Calls the named method of the given object with the provided arguments.</doc>
<status status="PASS" start="2026-02-23T14:22:14.137404" elapsed="0.000583"/>
</kw>
<kw name="Call Method" owner="BuiltIn">
<arg>${options}</arg>
<arg>add_argument</arg>
<arg>--no-sandbox</arg>
<doc>Calls the named method of the given object with the provided arguments.</doc>
<status status="PASS" start="2026-02-23T14:22:14.138247" elapsed="0.000364"/>
</kw>
<kw name="Call Method" owner="BuiltIn">
<arg>${options}</arg>
<arg>add_argument</arg>
<arg>--disable-dev-shm-usage</arg>
<doc>Calls the named method of the given object with the provided arguments.</doc>
<status status="PASS" start="2026-02-23T14:22:14.138792" elapsed="0.000281"/>
</kw>
<kw name="Call Method" owner="BuiltIn">
<arg>${options}</arg>
<arg>add_argument</arg>
<arg>--disable-gpu</arg>
<doc>Calls the named method of the given object with the provided arguments.</doc>
<status status="PASS" start="2026-02-23T14:22:14.139208" elapsed="0.000267"/>
</kw>
<kw name="Call Method" owner="BuiltIn">
<arg>${options}</arg>
<arg>add_argument</arg>
<arg>--start-maximized</arg>
<doc>Calls the named method of the given object with the provided arguments.</doc>
<status status="PASS" start="2026-02-23T14:22:14.139633" elapsed="0.000297"/>
</kw>
<kw name="Create Dictionary" owner="BuiltIn">
<msg time="2026-02-23T14:22:14.141105" level="INFO">${prefs} = {'profile.default_content_setting_values.notifications': 2, 'profile.default_content_setting_values.popups': 2}</msg>
<var>${prefs}</var>
<arg>profile.default_content_setting_values.notifications=${2}</arg>
<arg>profile.default_content_setting_values.popups=${2}</arg>
<doc>Creates and returns a dictionary based on the given ``items``.</doc>
<status status="PASS" start="2026-02-23T14:22:14.140081" elapsed="0.001072"/>
</kw>
<kw name="Call Method" owner="BuiltIn">
<arg>${options}</arg>
<arg>add_experimental_option</arg>
<arg>prefs</arg>
<arg>${prefs}</arg>
<doc>Calls the named method of the given object with the provided arguments.</doc>
<status status="PASS" start="2026-02-23T14:22:14.141352" elapsed="0.000449"/>
</kw>
<kw name="Create Webdriver" owner="SeleniumLibrary">
<msg time="2026-02-23T14:22:14.142168" level="INFO">Creating an instance of the Chrome WebDriver.</msg>
<arg>Chrome</arg>
<arg>options=${options}</arg>
<doc>Creates an instance of Selenium WebDriver.</doc>
<status status="PASS" start="2026-02-23T14:22:14.141992" elapsed="0.764621"/>
</kw>
<kw name="Go To" owner="SeleniumLibrary">
<msg time="2026-02-23T14:22:14.906978" level="INFO">Opening url 'https://automationexercise.com'</msg>
<arg>${url}</arg>
<doc>Navigates the current browser window to the provided ``url``.</doc>
<status status="PASS" start="2026-02-23T14:22:14.906810" elapsed="13.639792"/>
</kw>
<kw name="Set Selenium Page Load Timeout" owner="SeleniumLibrary">
<arg>30s</arg>
<doc>Sets the page load timeout value used by Selenium.</doc>
<status status="PASS" start="2026-02-23T14:22:28.546803" elapsed="0.001802"/>
</kw>
<kw name="Set Selenium Implicit Wait" owner="SeleniumLibrary">
<arg>0s</arg>
<doc>Sets the implicit wait value used by Selenium.</doc>
<status status="PASS" start="2026-02-23T14:22:28.548811" elapsed="0.001199"/>
</kw>
<kw name="Log" owner="BuiltIn">
<msg time="2026-02-23T14:22:28.550476" level="INFO">✓ Browser opened → https://automationexercise.com</msg>
<arg>✓ Browser opened → ${url}</arg>
<doc>Logs the given message with the given level.</doc>
<status status="PASS" start="2026-02-23T14:22:28.550119" elapsed="0.000414"/>
</kw>
<arg>${APP_URL}</arg>
<arg>${BROWSER}</arg>
<status status="PASS" start="2026-02-23T14:22:14.126822" elapsed="14.423797"/>
</kw>
<kw name="Dismiss Ads And Overlays" owner="BasePage">
<kw name="Sleep" owner="BuiltIn">
<msg time="2026-02-23T14:22:30.551760" level="INFO">Slept 2 seconds.</msg>
<arg>2s</arg>
<doc>Pauses the test executed for the given time.</doc>
<status status="PASS" start="2026-02-23T14:22:28.551098" elapsed="2.000788"/>
</kw>
<kw name="Kill All Ads" owner="BasePage">
<kw name="Execute Javascript" owner="SeleniumLibrary">
<msg time="2026-02-23T14:22:30.552826" level="INFO">Executing JavaScript:
(function(){var selectors = ['iframe[src*="google"]','iframe[src*="doubleclick"]','iframe[src*="googlesyndication"]','iframe[id*="aswift"]','iframe[name*="aswift"]','ins.adsbygoogle','div[id*="google_ads"]','div[class*="adsbygoogle"]'];selectors.forEach(function(sel){document.querySelectorAll(sel).forEach(function(el){el.style.display = 'none';el.style.pointerEvents = 'none';el.style.height = '0';el.style.width = '0';});});})();
Without any arguments.</msg>
<arg>(function(){</arg>
<arg>var selectors = [</arg>
<arg>'iframe[src*="google"]',</arg>
<arg>'iframe[src*="doubleclick"]',</arg>
<arg>'iframe[src*="googlesyndication"]',</arg>
<arg>'iframe[id*="aswift"]',</arg>
<arg>'iframe[name*="aswift"]',</arg>
<arg>'ins.adsbygoogle',</arg>
<arg>'div[id*="google_ads"]',</arg>
<arg>'div[class*="adsbygoogle"]'</arg>
<arg>];</arg>
<arg>selectors.forEach(function(sel){</arg>
<arg>document.querySelectorAll(sel).forEach(function(el){</arg>
<arg>el.style.display = 'none';</arg>
<arg>el.style.pointerEvents = 'none';</arg>
<arg>el.style.height = '0';</arg>
<arg>el.style.width = '0';</arg>
<arg>});</arg>
<arg>});</arg>
<arg>})();</arg>
<doc>Executes the given JavaScript code with possible arguments.</doc>
<status status="PASS" start="2026-02-23T14:22:30.552389" elapsed="0.006476"/>
</kw>
<kw name="Sleep" owner="BuiltIn">
<msg time="2026-02-23T14:22:31.059866" level="INFO">Slept 500 milliseconds.</msg>
<arg>0.5s</arg>
<doc>Pauses the test executed for the given time.</doc>
<status status="PASS" start="2026-02-23T14:22:30.559200" elapsed="0.500825"/>
</kw>
<status status="PASS" start="2026-02-23T14:22:30.552125" elapsed="0.508019"/>
</kw>
<kw name="Run Keyword And Return Status" owner="BuiltIn">
<kw name="Element Should Be Visible" owner="SeleniumLibrary">
<kw name="Screenshot On Failure" owner="BasePage">
<kw name="Run Keyword And Return Status" owner="BuiltIn">
<kw name="Should Be Equal" owner="BuiltIn">
<msg time="2026-02-23T14:22:31.070082" level="FAIL">Variable '${TEST STATUS}' not found. Did you mean:
    ${PREV_TEST_STATUS}</msg>
<arg>${TEST STATUS}</arg>
<arg>FAIL</arg>
<doc>Fails if the given objects are unequal.</doc>
<status status="FAIL" start="2026-02-23T14:22:31.069528" elapsed="0.000595">Variable '${TEST STATUS}' not found. Did you mean:
    ${PREV_TEST_STATUS}</status>
</kw>
<msg time="2026-02-23T14:22:31.070239" level="INFO">${test_failed} = False</msg>
<var>${test_failed}</var>
<arg>Should Be Equal</arg>
<arg>${TEST STATUS}</arg>
<arg>FAIL</arg>
<doc>Runs the specified keyword and returns the status as a Boolean value.</doc>
<status status="PASS" start="2026-02-23T14:22:31.069249" elapsed="0.001013"/>
</kw>
<kw name="Run Keyword If" owner="BuiltIn">
<arg>${test_failed}</arg>
<arg>Capture Page Screenshot</arg>
<arg>filename=EMBED</arg>
<doc>Runs the given keyword with the given arguments, if ``condition`` is true.</doc>
<status status="PASS" start="2026-02-23T14:22:31.070368" elapsed="0.000197"/>
</kw>
<doc>Used as run_on_failure handler for SeleniumLibrary.
Only captures a screenshot when the TEST has actually failed —
NOT when Run Keyword And Return Status or similar silently fails.
This stops screenshots being taken during passing tests.</doc>
<status status="PASS" start="2026-02-23T14:22:31.068974" elapsed="0.001650"/>
</kw>
<msg time="2026-02-23T14:22:31.070701" level="FAIL">Element with locator 'id=dismiss-button' not found.</msg>
<arg>id=dismiss-button</arg>
<doc>Verifies that the element identified by ``locator`` is visible.</doc>
<status status="FAIL" start="2026-02-23T14:22:31.060715" elapsed="0.011047">Element with locator 'id=dismiss-button' not found.</status>
</kw>
<msg time="2026-02-23T14:22:31.071890" level="INFO">${vignette} = False</msg>
<var>${vignette}</var>
<arg>Element Should Be Visible</arg>
<arg>id=dismiss-button</arg>
<doc>Runs the specified keyword and returns the status as a Boolean value.</doc>
<status status="PASS" start="2026-02-23T14:22:31.060323" elapsed="0.011591"/>
</kw>
<kw name="Run Keyword If" owner="BuiltIn">
<arg>${vignette}</arg>
<arg>Click Element</arg>
<arg>id=dismiss-button</arg>
<doc>Runs the given keyword with the given arguments, if ``condition`` is true.</doc>
<status status="PASS" start="2026-02-23T14:22:31.072013" elapsed="0.000201"/>
</kw>
<kw name="Run Keyword And Return Status" owner="BuiltIn">
<kw name="Element Should Be Visible" owner="SeleniumLibrary">
<kw name="Screenshot On Failure" owner="BasePage">
<kw name="Run Keyword And Return Status" owner="BuiltIn">
<kw name="Should Be Equal" owner="BuiltIn">
<msg time="2026-02-23T14:22:31.081471" level="FAIL">Variable '${TEST STATUS}' not found. Did you mean:
    ${PREV_TEST_STATUS}</msg>
<arg>${TEST STATUS}</arg>
<arg>FAIL</arg>
<doc>Fails if the given objects are unequal.</doc>
<status status="FAIL" start="2026-02-23T14:22:31.080894" elapsed="0.000634">Variable '${TEST STATUS}' not found. Did you mean:
    ${PREV_TEST_STATUS}</status>
</kw>
<msg time="2026-02-23T14:22:31.081643" level="INFO">${test_failed} = False</msg>
<var>${test_failed}</var>
<arg>Should Be Equal</arg>
<arg>${TEST STATUS}</arg>
<arg>FAIL</arg>
<doc>Runs the specified keyword and returns the status as a Boolean value.</doc>
<status status="PASS" start="2026-02-23T14:22:31.080595" elapsed="0.001069"/>
</kw>
<kw name="Run Keyword If" owner="BuiltIn">
<arg>${test_failed}</arg>
<arg>Capture Page Screenshot</arg>
<arg>filename=EMBED</arg>
<doc>Runs the given keyword with the given arguments, if ``condition`` is true.</doc>
<status status="PASS" start="2026-02-23T14:22:31.081776" elapsed="0.000209"/>
</kw>
<doc>Used as run_on_failure handler for SeleniumLibrary.
Only captures a screenshot when the TEST has actually failed —
NOT when Run Keyword And Return Status or similar silently fails.
This stops screenshots being taken during passing tests.</doc>
<status status="PASS" start="2026-02-23T14:22:31.080281" elapsed="0.001768"/>
</kw>
<msg time="2026-02-23T14:22:31.082129" level="FAIL">Element with locator 'xpath://button[contains(text(),'Accept')]' not found.</msg>
<arg>xpath://button[contains(text(),'Accept')]</arg>
<doc>Verifies that the element identified by ``locator`` is visible.</doc>
<status status="FAIL" start="2026-02-23T14:22:31.072522" elapsed="0.010659">Element with locator 'xpath://button[contains(text(),'Accept')]' not found.</status>
</kw>
<msg time="2026-02-23T14:22:31.083279" level="INFO">${cookie} = False</msg>
<var>${cookie}</var>
<arg>Element Should Be Visible</arg>
<arg>xpath://button[contains(text(),'Accept')]</arg>
<doc>Runs the specified keyword and returns the status as a Boolean value.</doc>
<status status="PASS" start="2026-02-23T14:22:31.072321" elapsed="0.010982"/>
</kw>
<kw name="Run Keyword If" owner="BuiltIn">
<arg>${cookie}</arg>
<arg>Click Element</arg>
<arg>xpath://button[contains(text(),'Accept')]</arg>
<doc>Runs the given keyword with the given arguments, if ``condition`` is true.</doc>
<status status="PASS" start="2026-02-23T14:22:31.083404" elapsed="0.000211"/>
</kw>
<kw name="Kill All Ads" owner="BasePage">
<kw name="Execute Javascript" owner="SeleniumLibrary">
<msg time="2026-02-23T14:22:31.084320" level="INFO">Executing JavaScript:
(function(){var selectors = ['iframe[src*="google"]','iframe[src*="doubleclick"]','iframe[src*="googlesyndication"]','iframe[id*="aswift"]','iframe[name*="aswift"]','ins.adsbygoogle','div[id*="google_ads"]','div[class*="adsbygoogle"]'];selectors.forEach(function(sel){document.querySelectorAll(sel).forEach(function(el){el.style.display = 'none';el.style.pointerEvents = 'none';el.style.height = '0';el.style.width = '0';});});})();
Without any arguments.</msg>
<arg>(function(){</arg>
<arg>var selectors = [</arg>
<arg>'iframe[src*="google"]',</arg>
<arg>'iframe[src*="doubleclick"]',</arg>
<arg>'iframe[src*="googlesyndication"]',</arg>
<arg>'iframe[id*="aswift"]',</arg>
<arg>'iframe[name*="aswift"]',</arg>
<arg>'ins.adsbygoogle',</arg>
<arg>'div[id*="google_ads"]',</arg>
<arg>'div[class*="adsbygoogle"]'</arg>
<arg>];</arg>
<arg>selectors.forEach(function(sel){</arg>
<arg>document.querySelectorAll(sel).forEach(function(el){</arg>
<arg>el.style.display = 'none';</arg>
<arg>el.style.pointerEvents = 'none';</arg>
<arg>el.style.height = '0';</arg>
<arg>el.style.width = '0';</arg>
<arg>});</arg>
<arg>});</arg>
<arg>})();</arg>
<doc>Executes the given JavaScript code with possible arguments.</doc>
<status status="PASS" start="2026-02-23T14:22:31.083928" elapsed="0.003970"/>
</kw>
<kw name="Sleep" owner="BuiltIn">
<msg time="2026-02-23T14:22:31.588764" level="INFO">Slept 500 milliseconds.</msg>
<arg>0.5s</arg>
<doc>Pauses the test executed for the given time.</doc>
<status status="PASS" start="2026-02-23T14:22:31.088144" elapsed="0.500766"/>
</kw>
<status status="PASS" start="2026-02-23T14:22:31.083745" elapsed="0.505283"/>
</kw>
<kw name="Sleep" owner="BuiltIn">
<msg time="2026-02-23T14:22:32.089639" level="INFO">Slept 500 milliseconds.</msg>
<arg>0.5s</arg>
<doc>Pauses the test executed for the given time.</doc>
<status status="PASS" start="2026-02-23T14:22:31.589162" elapsed="0.500603"/>
</kw>
<status status="PASS" start="2026-02-23T14:22:28.550846" elapsed="3.539025"/>
</kw>
<kw name="Verify Home Page Is Loaded" owner="HomePage">
<kw name="Wait Until Element Is Visible" owner="SeleniumLibrary">
<arg>xpath://img[@alt='Website for automation practice']</arg>
<arg>20s</arg>
<doc>Waits until the element ``locator`` is visible.</doc>
<status status="PASS" start="2026-02-23T14:22:32.090376" elapsed="0.014584"/>
</kw>
<kw name="Title Should Be" owner="SeleniumLibrary">
<msg time="2026-02-23T14:22:32.108789" level="INFO">Page title is 'Automation Exercise'.</msg>
<arg>Automation Exercise</arg>
<doc>Verifies that the current page title equals ``title``.</doc>
<status status="PASS" start="2026-02-23T14:22:32.105163" elapsed="0.003713"/>
</kw>
<kw name="Log" owner="BuiltIn">
<msg time="2026-02-23T14:22:32.109276" level="INFO">✓ Home page loaded.</msg>
<arg>✓ Home page loaded.</arg>
<doc>Logs the given message with the given level.</doc>
<status status="PASS" start="2026-02-23T14:22:32.109035" elapsed="0.000281"/>
</kw>
<status status="PASS" start="2026-02-23T14:22:32.090096" elapsed="0.019279"/>
</kw>
<kw name="Navigate To Signup Login Page" owner="HomePage">
<kw name="Kill All Ads" owner="BasePage">
<kw name="Execute Javascript" owner="SeleniumLibrary">
<msg time="2026-02-23T14:22:32.110255" level="INFO">Executing JavaScript:
(function(){var selectors = ['iframe[src*="google"]','iframe[src*="doubleclick"]','iframe[src*="googlesyndication"]','iframe[id*="aswift"]','iframe[name*="aswift"]','ins.adsbygoogle','div[id*="google_ads"]','div[class*="adsbygoogle"]'];selectors.forEach(function(sel){document.querySelectorAll(sel).forEach(function(el){el.style.display = 'none';el.style.pointerEvents = 'none';el.style.height = '0';el.style.width = '0';});});})();
Without any arguments.</msg>
<arg>(function(){</arg>
<arg>var selectors = [</arg>
<arg>'iframe[src*="google"]',</arg>
<arg>'iframe[src*="doubleclick"]',</arg>
<arg>'iframe[src*="googlesyndication"]',</arg>
<arg>'iframe[id*="aswift"]',</arg>
<arg>'iframe[name*="aswift"]',</arg>
<arg>'ins.adsbygoogle',</arg>
<arg>'div[id*="google_ads"]',</arg>
<arg>'div[class*="adsbygoogle"]'</arg>
<arg>];</arg>
<arg>selectors.forEach(function(sel){</arg>
<arg>document.querySelectorAll(sel).forEach(function(el){</arg>
<arg>el.style.display = 'none';</arg>
<arg>el.style.pointerEvents = 'none';</arg>
<arg>el.style.height = '0';</arg>
<arg>el.style.width = '0';</arg>
<arg>});</arg>
<arg>});</arg>
<arg>})();</arg>
<doc>Executes the given JavaScript code with possible arguments.</doc>
<status status="PASS" start="2026-02-23T14:22:32.109863" elapsed="0.003203"/>
</kw>
<kw name="Sleep" owner="BuiltIn">
<msg time="2026-02-23T14:22:32.613856" level="INFO">Slept 500 milliseconds.</msg>
<arg>0.5s</arg>
<doc>Pauses the test executed for the given time.</doc>
<status status="PASS" start="2026-02-23T14:22:32.113242" elapsed="0.500750"/>
</kw>
<status status="PASS" start="2026-02-23T14:22:32.109707" elapsed="0.504402"/>
</kw>
<kw name="Wait Until Element Is Visible" owner="SeleniumLibrary">
<arg>xpath://a[@href='/login']</arg>
[...]
</kw>
<kw name="Log" owner="BuiltIn">
<msg time="2026-02-23T14:23:23.392546" level="INFO">══════════════════════════════════════════════════════</msg>
<arg>══════════════════════════════════════════════════════</arg>
<doc>Logs the given message with the given level.</doc>
<status status="PASS" start="2026-02-23T14:23:23.392350" elapsed="0.000236"/>
</kw>
<kw name="Log" owner="BuiltIn">
<msg time="2026-02-23T14:23:23.392882" level="INFO">USER : arjun | arjun.test005@yopmail.com | START: 14:23:23</msg>
<arg>USER : ${user}[name] | ${user}[email] | START: ${start}</arg>
<doc>Logs the given message with the given level.</doc>
<status status="PASS" start="2026-02-23T14:23:23.392670" elapsed="0.000247"/>
</kw>
<kw name="Log" owner="BuiltIn">
<msg time="2026-02-23T14:23:23.393134" level="INFO">══════════════════════════════════════════════════════</msg>
<arg>══════════════════════════════════════════════════════</arg>
<doc>Logs the given message with the given level.</doc>
<status status="PASS" start="2026-02-23T14:23:23.392997" elapsed="0.000175"/>
</kw>
<kw name="Open Application" owner="BasePage">
<kw name="Evaluate" owner="BuiltIn">
<msg time="2026-02-23T14:23:23.393873" level="INFO">${options} = &lt;selenium.webdriver.chrome.options.Options object at 0x000001C673C288A0&gt;</msg>
<var>${options}</var>
<arg>sys.modules['selenium.webdriver'].ChromeOptions()</arg>
<arg>sys</arg>
<doc>Evaluates the given expression in Python and returns the result.</doc>
<status status="PASS" start="2026-02-23T14:23:23.393568" elapsed="0.000331"/>
</kw>
<kw name="Call Method" owner="BuiltIn">
<arg>${options}</arg>
<arg>add_argument</arg>
<arg>--disable-notifications</arg>
<doc>Calls the named method of the given object with the provided arguments.</doc>
<status status="PASS" start="2026-02-23T14:23:23.393999" elapsed="0.000214"/>
</kw>
<kw name="Call Method" owner="BuiltIn">
<arg>${options}</arg>
<arg>add_argument</arg>
<arg>--disable-popup-blocking</arg>
<doc>Calls the named method of the given object with the provided arguments.</doc>
<status status="PASS" start="2026-02-23T14:23:23.394304" elapsed="0.000181"/>
</kw>
<kw name="Call Method" owner="BuiltIn">
<arg>${options}</arg>
<arg>add_argument</arg>
<arg>--disable-infobars</arg>
<doc>Calls the named method of the given object with the provided arguments.</doc>
<status status="PASS" start="2026-02-23T14:23:23.394570" elapsed="0.000174"/>
</kw>
<kw name="Call Method" owner="BuiltIn">
<arg>${options}</arg>
<arg>add_argument</arg>
<arg>--disable-extensions</arg>
<doc>Calls the named method of the given object with the provided arguments.</doc>
<status status="PASS" start="2026-02-23T14:23:23.394824" elapsed="0.000177"/>
</kw>
<kw name="Call Method" owner="BuiltIn">
<arg>${options}</arg>
<arg>add_argument</arg>
<arg>--no-sandbox</arg>
<doc>Calls the named method of the given object with the provided arguments.</doc>
<status status="PASS" start="2026-02-23T14:23:23.395081" elapsed="0.000170"/>
</kw>
<kw name="Call Method" owner="BuiltIn">
<arg>${options}</arg>
<arg>add_argument</arg>
<arg>--disable-dev-shm-usage</arg>
<doc>Calls the named method of the given object with the provided arguments.</doc>
<status status="PASS" start="2026-02-23T14:23:23.395354" elapsed="0.000173"/>
</kw>
<kw name="Call Method" owner="BuiltIn">
<arg>${options}</arg>
<arg>add_argument</arg>
<arg>--disable-gpu</arg>
<doc>Calls the named method of the given object with the provided arguments.</doc>
<status status="PASS" start="2026-02-23T14:23:23.395611" elapsed="0.000172"/>
</kw>
<kw name="Call Method" owner="BuiltIn">
<arg>${options}</arg>
<arg>add_argument</arg>
<arg>--start-maximized</arg>
<doc>Calls the named method of the given object with the provided arguments.</doc>
<status status="PASS" start="2026-02-23T14:23:23.395861" elapsed="0.000169"/>
</kw>
<kw name="Create Dictionary" owner="BuiltIn">
<msg time="2026-02-23T14:23:23.396678" level="INFO">${prefs} = {'profile.default_content_setting_values.notifications': 2, 'profile.default_content_setting_values.popups': 2}</msg>
<var>${prefs}</var>
<arg>profile.default_content_setting_values.notifications=${2}</arg>
<arg>profile.default_content_setting_values.popups=${2}</arg>
<doc>Creates and returns a dictionary based on the given ``items``.</doc>
<status status="PASS" start="2026-02-23T14:23:23.396132" elapsed="0.000571"/>
</kw>
<kw name="Call Method" owner="BuiltIn">
<arg>${options}</arg>
<arg>add_experimental_option</arg>
<arg>prefs</arg>
<arg>${prefs}</arg>
<doc>Calls the named method of the given object with the provided arguments.</doc>
<status status="PASS" start="2026-02-23T14:23:23.396788" elapsed="0.000204"/>
</kw>
<kw name="Create Webdriver" owner="SeleniumLibrary">
<msg time="2026-02-23T14:23:23.397218" level="INFO">Creating an instance of the Chrome WebDriver.</msg>
<arg>Chrome</arg>
<arg>options=${options}</arg>
<doc>Creates an instance of Selenium WebDriver.</doc>
<status status="PASS" start="2026-02-23T14:23:23.397092" elapsed="0.724408"/>
</kw>
<kw name="Go To" owner="SeleniumLibrary">
<msg time="2026-02-23T14:23:24.121859" level="INFO">Opening url 'https://automationexercise.com'</msg>
<arg>${url}</arg>
<doc>Navigates the current browser window to the provided ``url``.</doc>
<status status="PASS" start="2026-02-23T14:23:24.121702" elapsed="1.200854"/>
</kw>
<kw name="Set Selenium Page Load Timeout" owner="SeleniumLibrary">
<arg>30s</arg>
<doc>Sets the page load timeout value used by Selenium.</doc>
<status status="PASS" start="2026-02-23T14:23:25.322770" elapsed="0.005176"/>
</kw>
<kw name="Set Selenium Implicit Wait" owner="SeleniumLibrary">
<arg>0s</arg>
<doc>Sets the implicit wait value used by Selenium.</doc>
<status status="PASS" start="2026-02-23T14:23:25.328223" elapsed="0.005261"/>
</kw>
<kw name="Log" owner="BuiltIn">
<msg time="2026-02-23T14:23:25.334135" level="INFO">✓ Browser opened → https://automationexercise.com</msg>
<arg>✓ Browser opened → ${url}</arg>
<doc>Logs the given message with the given level.</doc>
<status status="PASS" start="2026-02-23T14:23:25.333750" elapsed="0.000444"/>
</kw>
<arg>${APP_URL}</arg>
<arg>${BROWSER}</arg>
<status status="PASS" start="2026-02-23T14:23:23.393331" elapsed="1.940949"/>
</kw>
<kw name="Dismiss Ads And Overlays" owner="BasePage">
<kw name="Sleep" owner="BuiltIn">
<msg time="2026-02-23T14:23:27.335387" level="INFO">Slept 2 seconds.</msg>
<arg>2s</arg>
<doc>Pauses the test executed for the given time.</doc>
<status status="PASS" start="2026-02-23T14:23:25.334778" elapsed="2.000739"/>
</kw>
<kw name="Kill All Ads" owner="BasePage">
<kw name="Execute Javascript" owner="SeleniumLibrary">
<msg time="2026-02-23T14:23:27.336893" level="INFO">Executing JavaScript:
(function(){var selectors = ['iframe[src*="google"]','iframe[src*="doubleclick"]','iframe[src*="googlesyndication"]','iframe[id*="aswift"]','iframe[name*="aswift"]','ins.adsbygoogle','div[id*="google_ads"]','div[class*="adsbygoogle"]'];selectors.forEach(function(sel){document.querySelectorAll(sel).forEach(function(el){el.style.display = 'none';el.style.pointerEvents = 'none';el.style.height = '0';el.style.width = '0';});});})();
Without any arguments.</msg>
<kw name="Screenshot On Failure" owner="BasePage">
<kw name="Run Keyword And Return Status" owner="BuiltIn">
<kw name="Should Be Equal" owner="BuiltIn">
<msg time="2026-02-23T14:23:27.339166" level="FAIL">Variable '${TEST STATUS}' not found. Did you mean:
    ${PREV_TEST_STATUS}</msg>
<arg>${TEST STATUS}</arg>
<arg>FAIL</arg>
<doc>Fails if the given objects are unequal.</doc>
<status status="FAIL" start="2026-02-23T14:23:27.338600" elapsed="0.000605">Variable '${TEST STATUS}' not found. Did you mean:
    ${PREV_TEST_STATUS}</status>
</kw>
<msg time="2026-02-23T14:23:27.339319" level="INFO">${test_failed} = False</msg>
<var>${test_failed}</var>
<arg>Should Be Equal</arg>
<arg>${TEST STATUS}</arg>
<arg>FAIL</arg>
<doc>Runs the specified keyword and returns the status as a Boolean value.</doc>
<status status="PASS" start="2026-02-23T14:23:27.338289" elapsed="0.001052"/>
</kw>
<kw name="Run Keyword If" owner="BuiltIn">
<arg>${test_failed}</arg>
<arg>Capture Page Screenshot</arg>
<arg>filename=EMBED</arg>
<doc>Runs the given keyword with the given arguments, if ``condition`` is true.</doc>
<status status="PASS" start="2026-02-23T14:23:27.339467" elapsed="0.000219"/>
</kw>
<doc>Used as run_on_failure handler for SeleniumLibrary.
Only captures a screenshot when the TEST has actually failed —
NOT when Run Keyword And Return Status or similar silently fails.
This stops screenshots being taken during passing tests.</doc>
<status status="PASS" start="2026-02-23T14:23:27.338036" elapsed="0.001718"/>
</kw>
<msg time="2026-02-23T14:23:27.339859" level="FAIL">NoSuchWindowException: Message: no such window: target window already closed
from unknown error: web view not found
  (Session info: chrome=145.0.7632.109)
Stacktrace:
Symbols not available. Dumping unresolved backtrace:
	0x7ff7db874435
	0x7ff7db874490
	0x7ff7db60d49d
	0x7ff7db5e4012
	0x7ff7db698c66
	0x7ff7db6b5072
	0x7ff7db658e38
	0x7ff7db659d23
	0x7ff7dbb43b30
	0x7ff7dbb3e3b8
	0x7ff7dbb5e72a
	0x7ff7db8907e5
	0x7ff7db89978c
	0x7ff7db87d794
	0x7ff7db87d946
	0x7ff7db863457
	0x7ffe906ce8d7
	0x7ffe9276c40c
</msg>
<arg>(function(){</arg>
<arg>var selectors = [</arg>
<arg>'iframe[src*="google"]',</arg>
<arg>'iframe[src*="doubleclick"]',</arg>
<arg>'iframe[src*="googlesyndication"]',</arg>
<arg>'iframe[id*="aswift"]',</arg>
<arg>'iframe[name*="aswift"]',</arg>
<arg>'ins.adsbygoogle',</arg>
<arg>'div[id*="google_ads"]',</arg>
<arg>'div[class*="adsbygoogle"]'</arg>
<arg>];</arg>
<arg>selectors.forEach(function(sel){</arg>
<arg>document.querySelectorAll(sel).forEach(function(el){</arg>
<arg>el.style.display = 'none';</arg>
<arg>el.style.pointerEvents = 'none';</arg>
<arg>el.style.height = '0';</arg>
<arg>el.style.width = '0';</arg>
<arg>});</arg>
<arg>});</arg>
<arg>})();</arg>
<doc>Executes the given JavaScript code with possible arguments.</doc>
<status status="FAIL" start="2026-02-23T14:23:27.336041" elapsed="0.005555">NoSuchWindowException: Message: no such window: target window already closed
from unknown error: web view not found
  (Session info: chrome=145.0.7632.109)
Stacktrace:
Symbols not available. Dumping unresolved backtrace:
	0x7ff7db874435
	0x7ff7db874490
	0x7ff7db60d49d
	0x7ff7db5e4012
	0x7ff7db698c66
	0x7ff7db6b5072
	0x7ff7db658e38
	0x7ff7db659d23
	0x7ff7dbb43b30
	0x7ff7dbb3e3b8
	0x7ff7dbb5e72a
	0x7ff7db8907e5
	0x7ff7db89978c
	0x7ff7db87d794
	0x7ff7db87d946
	0x7ff7db863457
	0x7ffe906ce8d7
	0x7ffe9276c40c
</status>
</kw>
<kw name="Sleep" owner="BuiltIn">
<arg>0.5s</arg>
<doc>Pauses the test executed for the given time.</doc>
<status status="NOT RUN" start="2026-02-23T14:23:27.341761" elapsed="0.000026"/>
</kw>
<status status="FAIL" start="2026-02-23T14:23:27.335760" elapsed="0.006119">NoSuchWindowException: Message: no such window: target window already closed
from unknown error: web view not found
  (Session info: chrome=145.0.7632.109)
Stacktrace:
Symbols not available. Dumping unresolved backtrace:
	0x7ff7db874435
	0x7ff7db874490
	0x7ff7db60d49d
	0x7ff7db5e4012
	0x7ff7db698c66
	0x7ff7db6b5072
	0x7ff7db658e38
	0x7ff7db659d23
	0x7ff7dbb43b30
	0x7ff7dbb3e3b8
	0x7ff7dbb5e72a
	0x7ff7db8907e5
	0x7ff7db89978c
	0x7ff7db87d794
	0x7ff7db87d946
	0x7ff7db863457
	0x7ffe906ce8d7
	0x7ffe9276c40c
</status>
</kw>
<kw name="Run Keyword And Return Status" owner="BuiltIn">
<var>${vignette}</var>
<arg>Element Should Be Visible</arg>
<arg>id=dismiss-button</arg>
<doc>Runs the specified keyword and returns the status as a Boolean value.</doc>
<status status="NOT RUN" start="2026-02-23T14:23:27.341976" elapsed="0.000023"/>
</kw>
<kw name="Run Keyword If" owner="BuiltIn">
<arg>${vignette}</arg>
<arg>Click Element</arg>
<arg>id=dismiss-button</arg>
<doc>Runs the given keyword with the given arguments, if ``condition`` is true.</doc>
<status status="NOT RUN" start="2026-02-23T14:23:27.342081" elapsed="0.000018"/>
</kw>
<kw name="Run Keyword And Return Status" owner="BuiltIn">
<var>${cookie}</var>
<arg>Element Should Be Visible</arg>
<arg>xpath://button[contains(text(),'Accept')]</arg>
<doc>Runs the specified keyword and returns the status as a Boolean value.</doc>
<status status="NOT RUN" start="2026-02-23T14:23:27.342175" elapsed="0.000018"/>
</kw>
<kw name="Run Keyword If" owner="BuiltIn">
<arg>${cookie}</arg>
<arg>Click Element</arg>
<arg>xpath://button[contains(text(),'Accept')]</arg>
<doc>Runs the given keyword with the given arguments, if ``condition`` is true.</doc>
<status status="NOT RUN" start="2026-02-23T14:23:27.342271" elapsed="0.000018"/>
</kw>
<kw name="Kill All Ads" owner="BasePage">
<status status="NOT RUN" start="2026-02-23T14:23:27.342406" elapsed="0.000023"/>
</kw>
<kw name="Sleep" owner="BuiltIn">
<arg>0.5s</arg>
<doc>Pauses the test executed for the given time.</doc>
<status status="NOT RUN" start="2026-02-23T14:23:27.342492" elapsed="0.000019"/>
</kw>
<status status="FAIL" start="2026-02-23T14:23:25.334456" elapsed="2.008135">NoSuchWindowException: Message: no such window: target window already closed
from unknown error: web view not found
  (Session info: chrome=145.0.7632.109)
Stacktrace:
Symbols not available. Dumping unresolved backtrace:
	0x7ff7db874435
	0x7ff7db874490
	0x7ff7db60d49d
	0x7ff7db5e4012
	0x7ff7db698c66
	0x7ff7db6b5072
	0x7ff7db658e38
	0x7ff7db659d23
	0x7ff7dbb43b30
	0x7ff7dbb3e3b8
	0x7ff7dbb5e72a
	0x7ff7db8907e5
	0x7ff7db89978c
	0x7ff7db87d794
	0x7ff7db87d946
	0x7ff7db863457
	0x7ffe906ce8d7
	0x7ffe9276c40c
</status>
</kw>
<kw name="Verify Home Page Is Loaded" owner="HomePage">
<status status="NOT RUN" start="2026-02-23T14:23:27.342701" elapsed="0.000022"/>
</kw>
<kw name="Navigate To Signup Login Page" owner="HomePage">
<status status="NOT RUN" start="2026-02-23T14:23:27.342815" elapsed="0.000020"/>
</kw>
<kw name="Dismiss Ads And Overlays" owner="BasePage">
<status status="NOT RUN" start="2026-02-23T14:23:27.342934" elapsed="0.000019"/>
</kw>
<kw name="Fill Signup Form" owner="RegistrationPage">
<arg>${user}[name]</arg>
<arg>${user}[email]</arg>
<status status="NOT RUN" start="2026-02-23T14:23:27.343050" elapsed="0.000020"/>
</kw>
<kw name="Check Signup Outcome" owner="RegistrationPage">
<var>${outcome}</var>
<arg>${user}[email]</arg>
<doc>Polls every 0.5s for up to 30s waiting for EITHER:
A) URL becomes /signup   → new account    → return "register"
B) Error p tag appears   → email exists   → return "login"
Whichever appears first wins immediately — no long sequential waits.</doc>
<status status="NOT RUN" start="2026-02-23T14:23:27.343287" elapsed="0.000024"/>
</kw>
<if>
<branch type="IF" condition="'${outcome}' == 'register'">
<kw name="Fill Account Information" owner="RegistrationPage">
<arg>${user}[password]</arg>
<status status="NOT RUN" start="2026-02-23T14:23:27.343534" elapsed="0.000023"/>
</kw>
<kw name="Tick Checkboxes" owner="RegistrationPage">
<status status="NOT RUN" start="2026-02-23T14:23:27.343656" elapsed="0.000020"/>
</kw>
<kw name="Fill Address Information" owner="RegistrationPage">
<arg>${user}[first_name]</arg>
<arg>${user}[last_name]</arg>
<arg>${user}[address]</arg>
<arg>${user}[city]</arg>
<arg>${user}[state]</arg>
<arg>${user}[zip]</arg>
<arg>${user}[country]</arg>
<arg>${user}[mobile]</arg>
<status status="NOT RUN" start="2026-02-23T14:23:27.343785" elapsed="0.000022"/>
</kw>
<kw name="Submit Create Account" owner="RegistrationPage">
<status status="NOT RUN" start="2026-02-23T14:23:27.343907" elapsed="0.000020"/>
</kw>
<kw name="Verify Account Created" owner="RegistrationPage">
<status status="NOT RUN" start="2026-02-23T14:23:27.344004" elapsed="0.000020"/>
</kw>
<kw name="Click Continue After Registration" owner="RegistrationPage">
<status status="NOT RUN" start="2026-02-23T14:23:27.344105" elapsed="0.000021"/>
</kw>
<kw name="Log" owner="BuiltIn">
<arg>✓ Registration SUCCESS: ${user}[name]</arg>
<doc>Logs the given message with the given level.</doc>
<status status="NOT RUN" start="2026-02-23T14:23:27.344193" elapsed="0.000019"/>
</kw>
<status status="NOT RUN" start="2026-02-23T14:23:27.343410" elapsed="0.000832"/>
</branch>
<branch type="ELSE">
<kw name="Log" owner="BuiltIn">
<arg>⚠ Already registered: ${user}[email] — marking as PASS.</arg>
<doc>Logs the given message with the given level.</doc>
<status status="NOT RUN" start="2026-02-23T14:23:27.344341" elapsed="0.000019"/>
</kw>
<kw name="Close Application" owner="BasePage">
<status status="NOT RUN" start="2026-02-23T14:23:27.344477" elapsed="0.000023"/>
</kw>
<kw name="Pass Execution" owner="BuiltIn">
<arg>Account already exists for ${user}[email] — skipping registration.</arg>
<doc>Skips rest of the current test, setup, or teardown with PASS status.</doc>
<status status="NOT RUN" start="2026-02-23T14:23:27.344567" elapsed="0.000019"/>
</kw>
<status status="NOT RUN" start="2026-02-23T14:23:27.344275" elapsed="0.000343"/>
</branch>
<status status="NOT RUN" start="2026-02-23T14:23:27.343390" elapsed="0.001253"/>
</if>
<kw name="Get Current Date" owner="DateTime">
<var>${end}</var>
<arg>result_format=%H:%M:%S</arg>
<doc>Returns current local or UTC time with an optional increment.</doc>
<status status="NOT RUN" start="2026-02-23T14:23:27.344707" elapsed="0.000019"/>
</kw>
<kw name="Log" owner="BuiltIn">
<arg>✓ DONE: ${user}[name] | Start: ${start} | End: ${end}</arg>
<doc>Logs the given message with the given level.</doc>
<status status="NOT RUN" start="2026-02-23T14:23:27.344796" elapsed="0.000018"/>
</kw>
<kw name="Close Application" owner="BasePage">
<status status="NOT RUN" start="2026-02-23T14:23:27.344894" elapsed="0.000020"/>
</kw>
<arg>${USERS}[4]</arg>
<status status="FAIL" start="2026-02-23T14:23:23.391789" elapsed="3.953198">NoSuchWindowException: Message: no such window: target window already closed
from unknown error: web view not found
  (Session info: chrome=145.0.7632.109)
Stacktrace:
Symbols not available. Dumping unresolved backtrace:
	0x7ff7db874435
	0x7ff7db874490
	0x7ff7db60d49d
	0x7ff7db5e4012
	0x7ff7db698c66
	0x7ff7db6b5072
	0x7ff7db658e38
	0x7ff7db659d23
	0x7ff7dbb43b30
	0x7ff7dbb3e3b8
	0x7ff7dbb5e72a
	0x7ff7db8907e5
	0x7ff7db89978c
	0x7ff7db87d794
	0x7ff7db87d946
	0x7ff7db863457
	0x7ffe906ce8d7
	0x7ffe9276c40c
</status>
</kw>
<tag>registration</tag>
<tag>tc001</tag>
<status status="FAIL" start="2026-02-23T14:23:23.391341" elapsed="3.953927">NoSuchWindowException: Message: no such window: target window already closed
from unknown error: web view not found
  (Session info: chrome=145.0.7632.109)
Stacktrace:
Symbols not available. Dumping unresolved backtrace:
	0x7ff7db874435
	0x7ff7db874490
	0x7ff7db60d49d
	0x7ff7db5e4012
	0x7ff7db698c66
	0x7ff7db6b5072
	0x7ff7db658e38
	0x7ff7db659d23
	0x7ff7dbb43b30
	0x7ff7dbb3e3b8
	0x7ff7dbb5e72a
	0x7ff7db8907e5
	0x7ff7db89978c
	0x7ff7db87d794
	0x7ff7db87d946
	0x7ff7db863457
	0x7ffe906ce8d7
	0x7ffe9276c40c
</status>
</test>
<kw name="Log" owner="BuiltIn" type="TEARDOWN">
<msg time="2026-02-23T14:23:27.346925" level="INFO">═══ TC001 Registration Suite Completed ═══</msg>
<arg>═══ TC001 Registration Suite Completed ═══</arg>
<doc>Logs the given message with the given level.</doc>
<status status="PASS" start="2026-02-23T14:23:27.346625" elapsed="0.000355"/>
</kw>
<doc>TC001 — Register All Users from Excel
Run this FIRST. TC002_Login.robot runs after.

If email already exists → test is marked PASS with a skip message.
Never fails due to duplicate email.

Run:
    robot --outputdir results testsTC001_Register.robot</doc>
<status status="FAIL" start="2026-02-23T14:21:50.550227" elapsed="96.796803"/>
</suite>
<statistics>
<total>
<stat pass="0" fail="5" skip="0">All Tests</stat>
</total>
<tag>
<stat pass="0" fail="5" skip="0">registration</stat>
<stat pass="0" fail="5" skip="0">tc001</stat>
</tag>
<suite>
<stat name="TC001 Register" id="s1" pass="0" fail="5" skip="0">TC001 Register</stat>
</suite>
</statistics>
<errors>
</errors>
</robot>
