<?xml version="1.0" encoding="UTF-8"?>
<robot generator="Robot 7.4.1 (Python 3.14.2 on win32)" generated="2026-02-13T11:27:47.853845" rpa="false" schemaversion="5">
<suite id="s1" name="Gitfiles" source="C:\Gitfiles">
<suite id="s1-s1" name="foodie appProject" source="C:\Gitfiles\foodie_appProject">
<suite id="s1-s1-s1" name="Robot Tests" source="C:\Gitfiles\foodie_appProject\robot_tests">
<suite id="s1-s1-s1-s1" name="Foodie" source="C:\Gitfiles\foodie_appProject\robot_tests\foodie.robot">
<test id="s1-s1-s1-s1-t1" name="Register Restaurant" line="7">
<kw name="Create Session" owner="RequestsLibrary">
<msg time="2026-02-13T11:27:48.056984" level="INFO">Creating Session using : alias=foodie, url=http://127.0.0.1:5000, headers={},                     cookies={}, auth=None, timeout=None, proxies=None, verify=False,                     debug=0 </msg>
<arg>foodie</arg>
<arg>http://127.0.0.1:5000</arg>
<doc>Create Session: create a HTTP session to a server</doc>
<status status="PASS" start="2026-02-13T11:27:48.056578" elapsed="0.000918"/>
</kw>
<kw name="Evaluate" owner="BuiltIn">
<msg time="2026-02-13T11:27:48.058677" level="INFO">${rand} = 6345</msg>
<var>${rand}</var>
<arg>__import__('random').randint(1000,9999)</arg>
<doc>Evaluates the given expression in Python and returns the result.</doc>
<status status="PASS" start="2026-02-13T11:27:48.057953" elapsed="0.000925"/>
</kw>
<kw name="Set Variable" owner="BuiltIn">
<msg time="2026-02-13T11:27:48.059690" level="INFO">${name} = SpicyHub_6345</msg>
<var>${name}</var>
<arg>SpicyHub_${rand}</arg>
<doc>Returns the given values which can then be assigned to a variables.</doc>
<status status="PASS" start="2026-02-13T11:27:48.059185" elapsed="0.000626"/>
</kw>
<kw name="Create Dictionary" owner="BuiltIn">
<msg time="2026-02-13T11:27:48.060650" level="INFO">${payload} = {'name': 'SpicyHub_6345', 'category': 'Non-Veg', 'location': 'Delhi'}</msg>
<var>${payload}</var>
<arg>name=${name}</arg>
<arg>category=Non-Veg</arg>
<arg>location=Delhi</arg>
<doc>Creates and returns a dictionary based on the given ``items``.</doc>
<status status="PASS" start="2026-02-13T11:27:48.060118" elapsed="0.000642"/>
</kw>
<kw name="POST On Session" owner="RequestsLibrary">
<msg time="2026-02-13T11:27:50.074028" level="WARN">Retrying (RetryAdapter(total=2, connect=None, read=None, redirect=None, status=None)) after connection broken by 'NewConnectionError("HTTPConnection(host='127.0.0.1', port=5000): Failed to establish a new connection: [WinError 10061] No connection could be made because the target machine actively refused it")': /api/v1/restaurants</msg>
<msg time="2026-02-13T11:27:52.312858" level="WARN">Retrying (RetryAdapter(total=1, connect=None, read=None, redirect=None, status=None)) after connection broken by 'NewConnectionError("HTTPConnection(host='127.0.0.1', port=5000): Failed to establish a new connection: [WinError 10061] No connection could be made because the target machine actively refused it")': /api/v1/restaurants</msg>
<msg time="2026-02-13T11:27:54.756987" level="WARN">Retrying (RetryAdapter(total=0, connect=None, read=None, redirect=None, status=None)) after connection broken by 'NewConnectionError("HTTPConnection(host='127.0.0.1', port=5000): Failed to establish a new connection: [WinError 10061] No connection could be made because the target machine actively refused it")': /api/v1/restaurants</msg>
<msg time="2026-02-13T11:27:56.801393" level="FAIL">ConnectionError: HTTPConnectionPool(host='127.0.0.1', port=5000): Max retries exceeded with url: /api/v1/restaurants (Caused by NewConnectionError("HTTPConnection(host='127.0.0.1', port=5000): Failed to establish a new connection: [WinError 10061] No connection could be made because the target machine actively refused it"))</msg>
<var>${resp}</var>
<arg>foodie</arg>
<arg>/api/v1/restaurants</arg>
<arg>json=${payload}</arg>
<doc>Sends a POST request on a previously created HTTP Session.</doc>
<status status="FAIL" start="2026-02-13T11:27:48.061106" elapsed="8.772261">ConnectionError: HTTPConnectionPool(host='127.0.0.1', port=5000): Max retries exceeded with url: /api/v1/restaurants (Caused by NewConnectionError("HTTPConnection(host='127.0.0.1', port=5000): Failed to establish a new connection: [WinError 10061] No connection could be made because the target machine actively refused it"))</status>
</kw>
<kw name="Status Should Be" owner="RequestsLibrary">
<arg>201</arg>
<arg>${resp}</arg>
<doc>Fails if response status code is different than the expected.</doc>
<status status="NOT RUN" start="2026-02-13T11:27:56.833799" elapsed="0.000218"/>
</kw>
<status status="FAIL" start="2026-02-13T11:27:48.052868" elapsed="8.781502">ConnectionError: HTTPConnectionPool(host='127.0.0.1', port=5000): Max retries exceeded with url: /api/v1/restaurants (Caused by NewConnectionError("HTTPConnection(host='127.0.0.1', port=5000): Failed to establish a new connection: [WinError 10061] No connection could be made because the target machine actively refused it"))</status>
</test>
<status status="FAIL" start="2026-02-13T11:27:47.923899" elapsed="8.915813"/>
</suite>
<status status="FAIL" start="2026-02-13T11:27:47.915934" elapsed="8.926796"/>
</suite>
<status status="FAIL" start="2026-02-13T11:27:47.901277" elapsed="8.946036"/>
</suite>
<status status="FAIL" start="2026-02-13T11:27:47.860224" elapsed="8.994002"/>
</suite>
<statistics>
<total>
<stat pass="0" fail="1" skip="0">All Tests</stat>
</total>
<tag>
</tag>
<suite>
<stat name="Gitfiles" id="s1" pass="0" fail="1" skip="0">Gitfiles</stat>
<stat name="foodie appProject" id="s1-s1" pass="0" fail="1" skip="0">Gitfiles.foodie appProject</stat>
<stat name="Robot Tests" id="s1-s1-s1" pass="0" fail="1" skip="0">Gitfiles.foodie appProject.Robot Tests</stat>
<stat name="Foodie" id="s1-s1-s1-s1" pass="0" fail="1" skip="0">Gitfiles.foodie appProject.Robot Tests.Foodie</stat>
</suite>
</statistics>
<errors>
<msg time="2026-02-13T11:27:50.074028" level="WARN">Retrying (RetryAdapter(total=2, connect=None, read=None, redirect=None, status=None)) after connection broken by 'NewConnectionError("HTTPConnection(host='127.0.0.1', port=5000): Failed to establish a new connection: [WinError 10061] No connection could be made because the target machine actively refused it")': /api/v1/restaurants</msg>
<msg time="2026-02-13T11:27:52.312858" level="WARN">Retrying (RetryAdapter(total=1, connect=None, read=None, redirect=None, status=None)) after connection broken by 'NewConnectionError("HTTPConnection(host='127.0.0.1', port=5000): Failed to establish a new connection: [WinError 10061] No connection could be made because the target machine actively refused it")': /api/v1/restaurants</msg>
<msg time="2026-02-13T11:27:54.756987" level="WARN">Retrying (RetryAdapter(total=0, connect=None, read=None, redirect=None, status=None)) after connection broken by 'NewConnectionError("HTTPConnection(host='127.0.0.1', port=5000): Failed to establish a new connection: [WinError 10061] No connection could be made because the target machine actively refused it")': /api/v1/restaurants</msg>
</errors>
</robot>
