<?xml version="1.0" encoding="UTF-8"?>
<robot generator="Robot 7.4.1 (Python 3.14.2 on win32)" generated="2026-02-03T09:53:01.150903" rpa="false" schemaversion="5">
<suite id="s1" name="Gitfiles" source="C:\Gitfiles">
<suite id="s1-s1" name="DAY13" source="C:\Gitfiles\DAY13">
<suite id="s1-s1-s1" name="DAY13lab" source="C:\Gitfiles\DAY13\DAY13lab">
<suite id="s1-s1-s1-s1" name="Question1" source="C:\Gitfiles\DAY13\DAY13lab\Question1">
<suite id="s1-s1-s1-s1-s1" name="Source" source="C:\Gitfiles\DAY13\DAY13lab\Question1\Source.robot">
<test id="s1-s1-s1-s1-s1-t1" name="Open Google" line="5">
<kw name="Open Browser" owner="SeleniumLibrary">
<msg time="2026-02-03T09:53:02.087549" level="INFO">Opening browser 'chrome' to base url 'https://www.google.com'.</msg>
<arg>https://www.google.com</arg>
<arg>chrome</arg>
<doc>Opens a new browser instance to the optional ``url``.</doc>
<status status="PASS" start="2026-02-03T09:53:02.086757" elapsed="7.149303"/>
</kw>
<kw name="Title Should Be" owner="SeleniumLibrary">
<msg time="2026-02-03T09:53:09.244471" level="INFO">Page title is 'Google'.</msg>
<arg>Google</arg>
<doc>Verifies that the current page title equals ``title``.</doc>
<status status="PASS" start="2026-02-03T09:53:09.237106" elapsed="0.008001"/>
</kw>
<kw name="Capture Page Screenshot" owner="SeleniumLibrary">
<msg time="2026-02-03T09:53:10.241425" level="INFO" html="true">&lt;/td&gt;&lt;/tr&gt;&lt;tr&gt;&lt;td colspan="3"&gt;&lt;a href="google_homepage.png"&gt;&lt;img src="google_homepage.png" width="800px"&gt;&lt;/a&gt;</msg>
<arg>google_homepage.png</arg>
<doc>Takes a screenshot of the current page and embeds it into a log file.</doc>
<status status="PASS" start="2026-02-03T09:53:09.245977" elapsed="0.995820"/>
</kw>
<kw name="Close Browser" owner="SeleniumLibrary">
<doc>Closes the current browser.</doc>
<status status="PASS" start="2026-02-03T09:53:10.242356" elapsed="2.539923"/>
</kw>
<status status="PASS" start="2026-02-03T09:53:02.077892" elapsed="10.705296"/>
</test>
<status status="PASS" start="2026-02-03T09:53:01.340049" elapsed="11.450754"/>
</suite>
<status status="PASS" start="2026-02-03T09:53:01.330469" elapsed="11.467341"/>
</suite>
<status status="PASS" start="2026-02-03T09:53:01.321765" elapsed="11.487602"/>
</suite>
<status status="PASS" start="2026-02-03T09:53:01.306568" elapsed="11.509523"/>
</suite>
<status status="PASS" start="2026-02-03T09:53:01.174578" elapsed="11.647898"/>
</suite>
<statistics>
<total>
<stat pass="1" fail="0" skip="0">All Tests</stat>
</total>
<tag>
</tag>
<suite>
<stat name="Gitfiles" id="s1" pass="1" fail="0" skip="0">Gitfiles</stat>
<stat name="DAY13" id="s1-s1" pass="1" fail="0" skip="0">Gitfiles.DAY13</stat>
<stat name="DAY13lab" id="s1-s1-s1" pass="1" fail="0" skip="0">Gitfiles.DAY13.DAY13lab</stat>
<stat name="Question1" id="s1-s1-s1-s1" pass="1" fail="0" skip="0">Gitfiles.DAY13.DAY13lab.Question1</stat>
<stat name="Source" id="s1-s1-s1-s1-s1" pass="1" fail="0" skip="0">Gitfiles.DAY13.DAY13lab.Question1.Source</stat>
</suite>
</statistics>
<errors>
</errors>
</robot>
