<?xml version="1.0" encoding="UTF-8"?>
<robot generator="Robot 7.4.1 (Python 3.14.2 on win32)" generated="2026-02-03T10:12:27.630492" rpa="false" schemaversion="5">
<suite id="s1" name="Source" source="C:\Gitfiles\DAY13\DAY13lab\Question2\source.robot">
<test id="s1-t1" name="Login Test with CSV Data" line="10">
<status status="FAIL" start="2026-02-03T10:12:27.724446" elapsed="0.001765">Test cannot be empty.</status>
</test>
<status status="FAIL" start="2026-02-03T10:12:27.633131" elapsed="0.094523"/>
</suite>
<statistics>
<total>
<stat pass="0" fail="1" skip="0">All Tests</stat>
</total>
<tag>
</tag>
<suite>
<stat name="Source" id="s1" pass="0" fail="1" skip="0">Source</stat>
</suite>
</statistics>
<errors>
<msg time="2026-02-03T10:12:27.718845" level="ERROR">[ DataDriver ] Error in robot file:
  File "C:\Gitfiles\DAY13\DAY13lab\Question2\source.robot", line 0</msg>
<msg time="2026-02-03T10:12:27.719245" level="ERROR">In source file:
  File "data.csv", line 0</msg>
<msg time="2026-02-03T10:12:27.723967" level="ERROR">Calling method '_start_suite' of listener 'DataDriver' failed: ValueError: Unassigned requiered argument detected: ${username}.</msg>
</errors>
</robot>
